#
# A fatal error has been detected by the Java Runtime Environment:
#
#  SIGSEGV (0xb) at pc=0x00007fd61905b6fa, pid=6074, tid=140557319882496
#
# JRE version: Java(TM) SE Runtime Environment (7.0_80-b15) (build 1.7.0_80-b15)
# Java VM: Java HotSpot(TM) 64-Bit Server VM (24.80-b11 mixed mode linux-amd64 compressed oops)
# Problematic frame:
# v  ~BufferBlob::jni_fast_GetLongField
#
# Failed to write core dump. Core dumps have been disabled. To enable core dumping, try "ulimit -c unlimited" before starting Java again
#
# If you would like to submit a bug report, please visit:
#   http://bugreport.java.com/bugreport/crash.jsp
# The crash happened outside the Java Virtual Machine in native code.
# See problematic frame for where to report the bug.
#

---------------  T H R E A D  ---------------

Current thread (0x00007fd61dc04000):  JavaThread "AWT-XAWT" daemon [_thread_in_native, id=6152, stack(0x00007fd60d0f4000,0x00007fd60d1f5000)]

siginfo:si_signo=SIGSEGV: si_errno=0, si_code=1 (SEGV_MAPERR), si_addr=0x0000000000000000

Registers:
RAX=0x00007fd623eff2c0, RBX=0x0000000782763308, RCX=0x00007fd624954320, RDX=0x0000000000000042
RSP=0x00007fd60d1f35b8, RBP=0x00007fd60d1f35e0, RSI=0x0000000000000000, RDI=0x00007fd61dc041e8
R8 =0x00000007fdad8d50, R9 =0x0000000000000000, R10=0x0000000000000306, R11=0x00007fd623998940
R12=0x00007fd61dc041e8, R13=0x0000000000000000, R14=0x00007fd60eb0efe0, R15=0x00007fd61dc04000
RIP=0x00007fd61905b6fa, EFLAGS=0x0000000000010246, CSGSFS=0x0000000000000033, ERR=0x0000000000000004
  TRAPNO=0x000000000000000e

Top of Stack: (sp=0x00007fd60d1f35b8)
0x00007fd60d1f35b8:   00007fd60e8d9851 0000000782763308
0x00007fd60d1f35c8:   00007fd5cc138600 0000000782763308
0x00007fd60d1f35d8:   00007fd60d1f36c8 0000000000000000
0x00007fd60d1f35e8:   00007fd60e3b0ae8 0000000782763308
0x00007fd60d1f35f8:   00007fd60d1f3620 0000000000000000
0x00007fd60d1f3608:   00007fd60e3a89a3 0000000782763308
0x00007fd60d1f3618:   00007fd60e8cf6df 00007fd60d1f3690
0x00007fd60d1f3628:   00007fd619012d98 00007fd619006233
0x00007fd60d1f3638:   0000000000000000 00000007fdad85c0
0x00007fd60d1f3648:   0000000000000000 00007fd60d1f3650
0x00007fd60d1f3658:   0000000000000000 00007fd60d1f36c8
0x00007fd60d1f3668:   00000007827693d8 0000000000000000
0x00007fd60d1f3678:   0000000782763308 0000000000000000
0x00007fd60d1f3688:   00007fd60d1f36b0 00007fd60d1f3710
0x00007fd60d1f3698:   00007fd619006350 00000007fdb90b20
0x00007fd60d1f36a8:   00007fd61900ecc0 0000000000000000
0x00007fd60d1f36b8:   00007fd60d1f3710 00007fd5d4000e30
0x00007fd60d1f36c8:   00000007fdad4b48 00007fd60d1f36d0
0x00007fd60d1f36d8:   0000000782748d24 00007fd60d1f3758
0x00007fd60d1f36e8:   0000000782754578 0000000782dd1e68
0x00007fd60d1f36f8:   0000000782748e58 00007fd60d1f36b0
0x00007fd60d1f3708:   00007fd60d1f3750 00007fd60d1f37a0
0x00007fd60d1f3718:   00007fd619006058 0000000000000000
0x00007fd60d1f3728:   0000000000000000 0000000000000000
0x00007fd60d1f3738:   0000000000000000 deaddeaf00000000
0x00007fd60d1f3748:   00000007fdad4b48 deaddeaf00000000
0x00007fd60d1f3758:   00000007fdad4af0 00007fd60d1f3760
0x00007fd60d1f3768:   0000000782748b2d 00007fd60d1f37b0
0x00007fd60d1f3778:   0000000782754578 0000000000000000
0x00007fd60d1f3788:   0000000782748b38 00007fd60d1f3750
0x00007fd60d1f3798:   00007fd60d1f37b0 00007fd60d1f37f8
0x00007fd60d1f37a8:   00007fd619006706 00000007fdad4af0 

Instructions: (pc=0x00007fd61905b6fa)
0x00007fd61905b6da:   00 00 00 00 00 00 44 8b 15 01 77 ed 0a 4c 8b ce
0x00007fd61905b6ea:   41 f6 c2 01 0f 85 2e 00 00 00 4d 33 ca 4d 33 ca
0x00007fd61905b6fa:   4d 8b 09 4c 8b da 49 c1 eb 02 4b 8b 04 19 49 bb
0x00007fd61905b70a:   e8 2d f3 23 d6 7f 00 00 4c 33 d8 4c 33 d8 45 3b 

Register to memory mapping:

RAX=0x00007fd623eff2c0: <offset 0xe1c2c0> in /usr/lib/jvm/java-7-oracle/jre/lib/amd64/server/libjvm.so at 0x00007fd6230e3000
RBX=0x0000000782763308 is an oop
{method} 
 - klass: {other class}
RCX=0x00007fd624954320: <offset 0x219320> in /lib/x86_64-linux-gnu/libpthread.so.0 at 0x00007fd62473b000
RDX=0x0000000000000042 is an unknown value
RSP=0x00007fd60d1f35b8 is pointing into the stack for thread: 0x00007fd61dc04000
RBP=0x00007fd60d1f35e0 is pointing into the stack for thread: 0x00007fd61dc04000
RSI=0x0000000000000000 is an unknown value
RDI=0x00007fd61dc041e8 is an unknown value
R8 =0x00000007fdad8d50 is an oop
java.util.logging.Logger 
 - klass: 'java/util/logging/Logger'
R9 =0x0000000000000000 is an unknown value
R10=0x0000000000000306 is an unknown value
R11=0x00007fd623998940: <offset 0x8b5940> in /usr/lib/jvm/java-7-oracle/jre/lib/amd64/server/libjvm.so at 0x00007fd6230e3000
R12=0x00007fd61dc041e8 is an unknown value
R13=0x0000000000000000 is an unknown value
R14=0x00007fd60eb0efe0: <offset 0x253fe0> in /usr/lib/jvm/java-7-oracle/jre/lib/amd64/xawt/libmawt.so at 0x00007fd60e8bb000
R15=0x00007fd61dc04000 is a thread


Stack: [0x00007fd60d0f4000,0x00007fd60d1f5000],  sp=0x00007fd60d1f35b8,  free space=1021k
Native frames: (J=compiled Java code, j=interpreted, Vv=VM code, C=native code)
v  ~BufferBlob::jni_fast_GetLongField

Java frames: (J=compiled Java code, j=interpreted, Vv=VM code)
j  sun.awt.X11.XlibWrapper.XFilterEvent(JJ)Z+0
j  sun.awt.X11.XToolkit.run(Z)V+300
j  sun.awt.X11.XToolkit.run()V+5
j  java.lang.Thread.run()V+11
v  ~StubRoutines::call_stub

---------------  P R O C E S S  ---------------

Java Threads: ( => current thread )
  0x00007fd5cc15b000 JavaThread "XToolkt-Shutdown-Thread" [_thread_in_native, id=7290, stack(0x00007fd60cef2000,0x00007fd60cff3000)]
  0x00007fd5e8001000 JavaThread "SIGHUP handler" daemon [_thread_blocked, id=7289, stack(0x00007fd60cff3000,0x00007fd60d0f4000)]
  0x00007fd5cc167000 JavaThread "TimerQueue" daemon [_thread_blocked, id=6155, stack(0x00007fd60750c000,0x00007fd60760d000)]
=>0x00007fd61dc04000 JavaThread "AWT-XAWT" daemon [_thread_in_native, id=6152, stack(0x00007fd60d0f4000,0x00007fd60d1f5000)]
  0x00007fd61dbf4000 JavaThread "Java2D Disposer" daemon [_thread_blocked, id=6151, stack(0x00007fd60d605000,0x00007fd60d706000)]
  0x00007fd61c09f800 JavaThread "Service Thread" daemon [_thread_blocked, id=6089, stack(0x00007fd60fbfc000,0x00007fd60fcfd000)]
  0x00007fd61c09d000 JavaThread "C2 CompilerThread1" daemon [_thread_in_native, id=6088, stack(0x00007fd60fcfd000,0x00007fd60fdfe000)]
  0x00007fd61c09a000 JavaThread "C2 CompilerThread0" daemon [_thread_blocked, id=6087, stack(0x00007fd60fdfe000,0x00007fd60feff000)]
  0x00007fd61c097800 JavaThread "Signal Dispatcher" daemon [_thread_blocked, id=6086, stack(0x00007fd60feff000,0x00007fd610000000)]
  0x00007fd61c076800 JavaThread "Finalizer" daemon [_thread_blocked, id=6085, stack(0x00007fd614778000,0x00007fd614879000)]
  0x00007fd61c074800 JavaThread "Reference Handler" daemon [_thread_blocked, id=6084, stack(0x00007fd614879000,0x00007fd61497a000)]
  0x00007fd61c010000 JavaThread "main" [_thread_in_vm, id=6078, stack(0x00007fd624a4f000,0x00007fd624b50000)]

Other Threads:
  0x00007fd61c070000 VMThread [stack: 0x00007fd61497a000,0x00007fd614a7b000] [id=6083]
  0x00007fd61c0aa800 WatcherThread [stack: 0x00007fd60fafb000,0x00007fd60fbfc000] [id=6090]

VM state:not at safepoint (normal execution)

VM Mutex/Monitor currently owned by a thread: None

Heap
 PSYoungGen      total 655360K, used 595045K [0x00000007d6b00000, 0x00000007ffd00000, 0x0000000800000000)
  eden space 637952K, 92% used [0x00000007d6b00000,0x00000007fab35e30,0x00000007fda00000)
  from space 17408K, 28% used [0x00000007fda00000,0x00000007fdee3830,0x00000007feb00000)
  to   space 16384K, 0% used [0x00000007fed00000,0x00000007fed00000,0x00000007ffd00000)
 ParOldGen       total 132608K, used 86484K [0x0000000784200000, 0x000000078c380000, 0x00000007d6b00000)
  object space 132608K, 65% used [0x0000000784200000,0x0000000789675180,0x000000078c380000)
 PSPermGen       total 63488K, used 63344K [0x000000077f000000, 0x0000000782e00000, 0x0000000784200000)
  object space 63488K, 99% used [0x000000077f000000,0x0000000782ddc008,0x0000000782e00000)

Card table byte_map: [0x00007fd62193f000,0x00007fd621d48000] byte_map_base: 0x00007fd61dd47000

Polling page: 0x00007fd624b78000

Code Cache  [0x00007fd619000000, 0x00007fd619680000, 0x00007fd61c000000)
 total_blobs=4101 nmethods=2709 adapters=1341 free_code_cache=42723Kb largest_free_block=43558080

Compilation events (10 events):
Event: 1504.043 Thread 0x00007fd61c09a000 3283             sun.awt.X11.XEvent::get_type (18 bytes)
Event: 1504.047 Thread 0x00007fd61c09a000 nmethod 3283 0x00007fd61940bc50 code [0x00007fd61940bdc0, 0x00007fd61940bf78]
Event: 2049.769 Thread 0x00007fd61c09d000 3284             sun.awt.X11.XToolkit::getDisplay (4 bytes)
Event: 2049.769 Thread 0x00007fd61c09d000 nmethod 3284 0x00007fd6194d59d0 code [0x00007fd6194d5b00, 0x00007fd6194d5b58]
Event: 4852.434 Thread 0x00007fd61c09a000 3286   !         sun.awt.X11.XToolkit::callTimeoutTasks (220 bytes)
Event: 4852.435 Thread 0x00007fd61c09a000 nmethod 3286 0x00007fd619567250 code [0x00007fd6195673c0, 0x00007fd6195674f8]
Event: 5357.549 Thread 0x00007fd61c09d000 3287   !         sun.awt.X11.XToolkit::getNextTaskTime (55 bytes)
Event: 5357.563 Thread 0x00007fd61c09d000 nmethod 3287 0x00007fd6194e30d0 code [0x00007fd6194e3260, 0x00007fd6194e35b0]
Event: 6732.210 Thread 0x00007fd61c09a000 3289 % !         sun.awt.X11.XToolkit::run @ 59 (410 bytes)
Event: 6732.274 Thread 0x00007fd61c09a000 nmethod 3289% 0x00007fd61966d7d0 code [0x00007fd61966dee0, 0x00007fd619670aa0]

GC Heap History (10 events):
Event: 905.593 GC heap before
{Heap before GC invocations=28 (full 1):
 PSYoungGen      total 578048K, used 559466K [0x00000007d6b00000, 0x00000007fb500000, 0x0000000800000000)
  eden space 555520K, 100% used [0x00000007d6b00000,0x00000007f8980000,0x00000007f8980000)
  from space 22528K, 17% used [0x00000007f9f00000,0x00000007fa2dab00,0x00000007fb500000)
  to   space 22016K, 0% used [0x00000007f8980000,0x00000007f8980000,0x00000007f9f00000)
 ParOldGen       total 132608K, used 86397K [0x0000000784200000, 0x000000078c380000, 0x00000007d6b00000)
  object space 132608K, 65% used [0x0000000784200000,0x000000078965f730,0x000000078c380000)
 PSPermGen       total 63488K, used 63219K [0x000000077f000000, 0x0000000782e00000, 0x0000000784200000)
  object space 63488K, 99% used [0x000000077f000000,0x0000000782dbcce0,0x0000000782e00000)
Event: 905.601 GC heap after
Heap after GC invocations=28 (full 1):
 PSYoungGen      total 577536K, used 3978K [0x00000007d6b00000, 0x00000007ff100000, 0x0000000800000000)
  eden space 555520K, 0% used [0x00000007d6b00000,0x00000007d6b00000,0x00000007f8980000)
  from space 22016K, 18% used [0x00000007f8980000,0x00000007f8d62b20,0x00000007f9f00000)
  to   space 20992K, 0% used [0x00000007fdc80000,0x00000007fdc80000,0x00000007ff100000)
 ParOldGen       total 132608K, used 86397K [0x0000000784200000, 0x000000078c380000, 0x00000007d6b00000)
  object space 132608K, 65% used [0x0000000784200000,0x000000078965f730,0x000000078c380000)
 PSPermGen       total 63488K, used 63219K [0x000000077f000000, 0x0000000782e00000, 0x0000000784200000)
  object space 63488K, 99% used [0x000000077f000000,0x0000000782dbcce0,0x0000000782e00000)
}
Event: 905.938 GC heap before
{Heap before GC invocations=29 (full 1):
 PSYoungGen      total 577536K, used 559498K [0x00000007d6b00000, 0x00000007ff100000, 0x0000000800000000)
  eden space 555520K, 100% used [0x00000007d6b00000,0x00000007f8980000,0x00000007f8980000)
  from space 22016K, 18% used [0x00000007f8980000,0x00000007f8d62b20,0x00000007f9f00000)
  to   space 20992K, 0% used [0x00000007fdc80000,0x00000007fdc80000,0x00000007ff100000)
 ParOldGen       total 132608K, used 86397K [0x0000000784200000, 0x000000078c380000, 0x00000007d6b00000)
  object space 132608K, 65% used [0x0000000784200000,0x000000078965f730,0x000000078c380000)
 PSPermGen       total 63488K, used 63220K [0x000000077f000000, 0x0000000782e00000, 0x0000000784200000)
  object space 63488K, 99% used [0x000000077f000000,0x0000000782dbd1e0,0x0000000782e00000)
Event: 905.947 GC heap after
Heap after GC invocations=29 (full 1):
 PSYoungGen      total 641536K, used 3996K [0x00000007d6b00000, 0x00000007ff080000, 0x0000000800000000)
  eden space 621056K, 0% used [0x00000007d6b00000,0x00000007d6b00000,0x00000007fc980000)
  from space 20480K, 19% used [0x00000007fdc80000,0x00000007fe067320,0x00000007ff080000)
  to   space 19456K, 0% used [0x00000007fc980000,0x00000007fc980000,0x00000007fdc80000)
 ParOldGen       total 132608K, used 86413K [0x0000000784200000, 0x000000078c380000, 0x00000007d6b00000)
  object space 132608K, 65% used [0x0000000784200000,0x0000000789663730,0x000000078c380000)
 PSPermGen       total 63488K, used 63220K [0x000000077f000000, 0x0000000782e00000, 0x0000000784200000)
  object space 63488K, 99% used [0x000000077f000000,0x0000000782dbd1e0,0x0000000782e00000)
}
Event: 906.328 GC heap before
{Heap before GC invocations=30 (full 1):
 PSYoungGen      total 641536K, used 625052K [0x00000007d6b00000, 0x00000007ff080000, 0x0000000800000000)
  eden space 621056K, 100% used [0x00000007d6b00000,0x00000007fc980000,0x00000007fc980000)
  from space 20480K, 19% used [0x00000007fdc80000,0x00000007fe067320,0x00000007ff080000)
  to   space 19456K, 0% used [0x00000007fc980000,0x00000007fc980000,0x00000007fdc80000)
 ParOldGen       total 132608K, used 86413K [0x0000000784200000, 0x000000078c380000, 0x00000007d6b00000)
  object space 132608K, 65% used [0x0000000784200000,0x0000000789663730,0x000000078c380000)
 PSPermGen       total 63488K, used 63246K [0x000000077f000000, 0x0000000782e00000, 0x0000000784200000)
  object space 63488K, 99% used [0x000000077f000000,0x0000000782dc3a38,0x0000000782e00000)
Event: 906.336 GC heap after
Heap after GC invocations=30 (full 1):
 PSYoungGen      total 640512K, used 6015K [0x00000007d6b00000, 0x00000007ffd00000, 0x0000000800000000)
  eden space 621056K, 0% used [0x00000007d6b00000,0x00000007d6b00000,0x00000007fc980000)
  from space 19456K, 30% used [0x00000007fc980000,0x00000007fcf5fd40,0x00000007fdc80000)
  to   space 18432K, 0% used [0x00000007feb00000,0x00000007feb00000,0x00000007ffd00000)
 ParOldGen       total 132608K, used 86460K [0x0000000784200000, 0x000000078c380000, 0x00000007d6b00000)
  object space 132608K, 65% used [0x0000000784200000,0x000000078966f180,0x000000078c380000)
 PSPermGen       total 63488K, used 63246K [0x000000077f000000, 0x0000000782e00000, 0x0000000784200000)
  object space 63488K, 99% used [0x000000077f000000,0x0000000782dc3a38,0x0000000782e00000)
}
Event: 906.711 GC heap before
{Heap before GC invocations=31 (full 1):
 PSYoungGen      total 640512K, used 627071K [0x00000007d6b00000, 0x00000007ffd00000, 0x0000000800000000)
  eden space 621056K, 100% used [0x00000007d6b00000,0x00000007fc980000,0x00000007fc980000)
  from space 19456K, 30% used [0x00000007fc980000,0x00000007fcf5fd40,0x00000007fdc80000)
  to   space 18432K, 0% used [0x00000007feb00000,0x00000007feb00000,0x00000007ffd00000)
 ParOldGen       total 132608K, used 86460K [0x0000000784200000, 0x000000078c380000, 0x00000007d6b00000)
  object space 132608K, 65% used [0x0000000784200000,0x000000078966f180,0x000000078c380000)
 PSPermGen       total 63488K, used 63251K [0x000000077f000000, 0x0000000782e00000, 0x0000000784200000)
  object space 63488K, 99% used [0x000000077f000000,0x0000000782dc4fc0,0x0000000782e00000)
Event: 906.720 GC heap after
Heap after GC invocations=31 (full 1):
 PSYoungGen      total 656384K, used 3946K [0x00000007d6b00000, 0x00000007ffd00000, 0x0000000800000000)
  eden space 637952K, 0% used [0x00000007d6b00000,0x00000007d6b00000,0x00000007fda00000)
  from space 18432K, 21% used [0x00000007feb00000,0x00000007feedab00,0x00000007ffd00000)
  to   space 17408K, 0% used [0x00000007fda00000,0x00000007fda00000,0x00000007feb00000)
 ParOldGen       total 132608K, used 86476K [0x0000000784200000, 0x000000078c380000, 0x00000007d6b00000)
  object space 132608K, 65% used [0x0000000784200000,0x0000000789673180,0x000000078c380000)
 PSPermGen       total 63488K, used 63251K [0x000000077f000000, 0x0000000782e00000, 0x0000000784200000)
  object space 63488K, 99% used [0x000000077f000000,0x0000000782dc4fc0,0x0000000782e00000)
}
Event: 907.109 GC heap before
{Heap before GC invocations=32 (full 1):
 PSYoungGen      total 656384K, used 641898K [0x00000007d6b00000, 0x00000007ffd00000, 0x0000000800000000)
  eden space 637952K, 100% used [0x00000007d6b00000,0x00000007fda00000,0x00000007fda00000)
  from space 18432K, 21% used [0x00000007feb00000,0x00000007feedab00,0x00000007ffd00000)
  to   space 17408K, 0% used [0x00000007fda00000,0x00000007fda00000,0x00000007feb00000)
 ParOldGen       total 132608K, used 86476K [0x0000000784200000, 0x000000078c380000, 0x00000007d6b00000)
  object space 132608K, 65% used [0x0000000784200000,0x0000000789673180,0x000000078c380000)
 PSPermGen       total 63488K, used 63255K [0x000000077f000000, 0x0000000782e00000, 0x0000000784200000)
  object space 63488K, 99% used [0x000000077f000000,0x0000000782dc5c00,0x0000000782e00000)
Event: 907.116 GC heap after
Heap after GC invocations=32 (full 1):
 PSYoungGen      total 655360K, used 5006K [0x00000007d6b00000, 0x00000007ffd00000, 0x0000000800000000)
  eden space 637952K, 0% used [0x00000007d6b00000,0x00000007d6b00000,0x00000007fda00000)
  from space 17408K, 28% used [0x00000007fda00000,0x00000007fdee3830,0x00000007feb00000)
  to   space 16384K, 0% used [0x00000007fed00000,0x00000007fed00000,0x00000007ffd00000)
 ParOldGen       total 132608K, used 86484K [0x0000000784200000, 0x000000078c380000, 0x00000007d6b00000)
  object space 132608K, 65% used [0x0000000784200000,0x0000000789675180,0x000000078c380000)
 PSPermGen       total 63488K, used 63255K [0x000000077f000000, 0x0000000782e00000, 0x0000000784200000)
  object space 63488K, 99% used [0x000000077f000000,0x0000000782dc5c00,0x0000000782e00000)
}

Deoptimization events (10 events):
Event: 907.428 Thread 0x00007fd61c010000 Uncommon trap: reason=bimorphic action=maybe_recompile pc=0x00007fd619084c70 method=breeze.linalg.DenseVector$mcD$sp.foreach$mVcD$sp(Lscala/Function1;)V @ 22
Event: 907.428 Thread 0x00007fd61c010000 Uncommon trap: reason=class_check action=maybe_recompile pc=0x00007fd61924b658 method=breeze.linalg.DenseVector$$anon$12.apply(Lbreeze/linalg/DenseVector;D)D @ 73
Event: 907.428 Thread 0x00007fd61c010000 Uncommon trap: reason=bimorphic action=maybe_recompile pc=0x00007fd619084c70 method=breeze.linalg.DenseVector$mcD$sp.foreach$mVcD$sp(Lscala/Function1;)V @ 22
Event: 907.428 Thread 0x00007fd61c010000 Uncommon trap: reason=class_check action=maybe_recompile pc=0x00007fd61924b658 method=breeze.linalg.DenseVector$$anon$12.apply(Lbreeze/linalg/DenseVector;D)D @ 73
Event: 907.428 Thread 0x00007fd61c010000 Uncommon trap: reason=bimorphic action=maybe_recompile pc=0x00007fd619084c70 method=breeze.linalg.DenseVector$mcD$sp.foreach$mVcD$sp(Lscala/Function1;)V @ 22
Event: 907.428 Thread 0x00007fd61c010000 Uncommon trap: reason=class_check action=maybe_recompile pc=0x00007fd619077db0 method=breeze.linalg.DenseVector$$anon$12.apply(Lbreeze/linalg/DenseVector;D)D @ 73
Event: 907.428 Thread 0x00007fd61c010000 Uncommon trap: reason=class_check action=maybe_recompile pc=0x00007fd61963aff0 method=breeze.linalg.DenseVector$$anon$12.apply(Lbreeze/linalg/DenseVector;D)D @ 73
Event: 907.428 Thread 0x00007fd61c010000 Uncommon trap: reason=class_check action=maybe_recompile pc=0x00007fd6190be824 method=breeze.linalg.DenseVector$$anon$12.apply(Lbreeze/linalg/DenseVector;D)D @ 73
Event: 912.879 Thread 0x00007fd61dc44000 Uncommon trap: reason=unstable_if action=reinterpret pc=0x00007fd6194e62f8 method=java.awt.geom.Ellipse2D.contains(DD)Z @ 75
Event: 10318.033 Thread 0x00007fd61dc04000 Uncommon trap: reason=null_check action=make_not_entrant pc=0x00007fd61967023c method=sun.awt.X11.XToolkit.windowToXWindow(J)Lsun/awt/X11/XBaseWindow; @ 16

Internal exceptions (10 events):
Event: 907.491 Thread 0x00007fd61dc44000 Threw 0x00000007f6bce9a8 at /HUDSON/workspace/7u-2-build-linux-amd64/jdk7u80/2329/hotspot/src/share/vm/prims/jvm.cpp:1319
Event: 907.491 Thread 0x00007fd61dc44000 Threw 0x00000007f6bd9d08 at /HUDSON/workspace/7u-2-build-linux-amd64/jdk7u80/2329/hotspot/src/share/vm/prims/jvm.cpp:1319
Event: 907.520 Thread 0x00007fd61dc44000 Threw 0x00000007f6bfa5f8 at /HUDSON/workspace/7u-2-build-linux-amd64/jdk7u80/2329/hotspot/src/share/vm/prims/jvm.cpp:1319
Event: 907.521 Thread 0x00007fd61dc44000 Threw 0x00000007f6c092d0 at /HUDSON/workspace/7u-2-build-linux-amd64/jdk7u80/2329/hotspot/src/share/vm/prims/jvm.cpp:1319
Event: 907.521 Thread 0x00007fd61dc44000 Threw 0x00000007f6c09978 at /HUDSON/workspace/7u-2-build-linux-amd64/jdk7u80/2329/hotspot/src/share/vm/prims/jvm.cpp:1319
Event: 907.522 Thread 0x00007fd61dc44000 Threw 0x00000007f6c14cd8 at /HUDSON/workspace/7u-2-build-linux-amd64/jdk7u80/2329/hotspot/src/share/vm/prims/jvm.cpp:1319
Event: 907.632 Thread 0x00007fd61dc44000 Threw 0x00000007f70dbdb8 at /HUDSON/workspace/7u-2-build-linux-amd64/jdk7u80/2329/hotspot/src/share/vm/prims/jni.cpp:743
Event: 916.212 Thread 0x00007fd61dc44000 Threw 0x00000007f723fba8 at /HUDSON/workspace/7u-2-build-linux-amd64/jdk7u80/2329/hotspot/src/share/vm/prims/jni.cpp:743
Event: 920.648 Thread 0x00007fd61dc44000 Threw 0x00000007f724ffa8 at /HUDSON/workspace/7u-2-build-linux-amd64/jdk7u80/2329/hotspot/src/share/vm/prims/jni.cpp:743
Event: 10318.033 Thread 0x00007fd61dc04000 Implicit null exception at 0x00007fd61966e990 to 0x00007fd619670231

Events (10 events):
Event: 10318.033 Thread 0x00007fd61dc04000 DEOPT PACKING pc=0x00007fd61967023c sp=0x00007fd60d1f36d0
Event: 10318.033 Thread 0x00007fd61dc04000 DEOPT UNPACKING pc=0x00007fd619039445 sp=0x00007fd60d1f3638 mode 2
Event: 10792.663 Executing VM operation: RevokeBias
Event: 10792.663 Executing VM operation: RevokeBias done
Event: 10792.663 loading class 0x00007fd5ec0ba190
Event: 10792.678 loading class 0x00007fd5ec0ba190 done
Event: 10792.678 Executing VM operation: RevokeBias
Event: 10792.678 Executing VM operation: RevokeBias done
Event: 10792.678 Executing VM operation: RevokeBias
Event: 10792.678 Executing VM operation: RevokeBias done


Dynamic libraries:
00400000-00401000 r-xp 00000000 08:07 941347                             /usr/lib/jvm/java-7-oracle/bin/java
00600000-00601000 rw-p 00000000 08:07 941347                             /usr/lib/jvm/java-7-oracle/bin/java
01678000-01699000 rw-p 00000000 00:00 0                                  [heap]
77f000000-782e00000 rw-p 00000000 00:00 0 
782e00000-784200000 rw-p 00000000 00:00 0 
784200000-78c380000 rw-p 00000000 00:00 0 
78c380000-7d6b00000 rw-p 00000000 00:00 0 
7d6b00000-7ffd00000 rw-p 00000000 00:00 0 
7ffd00000-800000000 rw-p 00000000 00:00 0 
7fd5c0000000-7fd5c0021000 rw-p 00000000 00:00 0 
7fd5c0021000-7fd5c4000000 ---p 00000000 00:00 0 
7fd5c8000000-7fd5c8021000 rw-p 00000000 00:00 0 
7fd5c8021000-7fd5cc000000 ---p 00000000 00:00 0 
7fd5cc000000-7fd5cc179000 rw-p 00000000 00:00 0 
7fd5cc179000-7fd5d0000000 ---p 00000000 00:00 0 
7fd5d0000000-7fd5d0021000 rw-p 00000000 00:00 0 
7fd5d0021000-7fd5d4000000 ---p 00000000 00:00 0 
7fd5d4000000-7fd5d402f000 rw-p 00000000 00:00 0 
7fd5d402f000-7fd5d8000000 ---p 00000000 00:00 0 
7fd5d8000000-7fd5d8021000 rw-p 00000000 00:00 0 
7fd5d8021000-7fd5dc000000 ---p 00000000 00:00 0 
7fd5dc000000-7fd5dc021000 rw-p 00000000 00:00 0 
7fd5dc021000-7fd5e0000000 ---p 00000000 00:00 0 
7fd5e0000000-7fd5e13d1000 rw-p 00000000 00:00 0 
7fd5e13d1000-7fd5e4000000 ---p 00000000 00:00 0 
7fd5e4000000-7fd5e4021000 rw-p 00000000 00:00 0 
7fd5e4021000-7fd5e8000000 ---p 00000000 00:00 0 
7fd5e8000000-7fd5e8021000 rw-p 00000000 00:00 0 
7fd5e8021000-7fd5ec000000 ---p 00000000 00:00 0 
7fd5ec000000-7fd5ed133000 rw-p 00000000 00:00 0 
7fd5ed133000-7fd5f0000000 ---p 00000000 00:00 0 
7fd5f0000000-7fd5f0021000 rw-p 00000000 00:00 0 
7fd5f0021000-7fd5f4000000 ---p 00000000 00:00 0 
7fd5f4000000-7fd5f4021000 rw-p 00000000 00:00 0 
7fd5f4021000-7fd5f8000000 ---p 00000000 00:00 0 
7fd5f8000000-7fd5f8021000 rw-p 00000000 00:00 0 
7fd5f8021000-7fd5fc000000 ---p 00000000 00:00 0 
7fd5fc000000-7fd5fc06a000 rw-p 00000000 00:00 0 
7fd5fc06a000-7fd600000000 ---p 00000000 00:00 0 
7fd600000000-7fd600021000 rw-p 00000000 00:00 0 
7fd600021000-7fd604000000 ---p 00000000 00:00 0 
7fd607200000-7fd607305000 rw-s 00000000 00:04 2785297                    /SYSV00000000 (deleted)
7fd60750c000-7fd60750f000 ---p 00000000 00:00 0 
7fd60750f000-7fd60760d000 rw-p 00000000 00:00 0                          [stack:6155]
7fd607712000-7fd60773c000 r-xp 00000000 08:07 1580188                    /usr/lib/jvm/java-7-oracle/jre/lib/amd64/libdcpr.so
7fd60773c000-7fd60793c000 ---p 0002a000 08:07 1580188                    /usr/lib/jvm/java-7-oracle/jre/lib/amd64/libdcpr.so
7fd60793c000-7fd60793f000 rw-p 0002a000 08:07 1580188                    /usr/lib/jvm/java-7-oracle/jre/lib/amd64/libdcpr.so
7fd60793f000-7fd6079a8000 r-xp 00000000 08:07 1580182                    /usr/lib/jvm/java-7-oracle/jre/lib/amd64/libt2k.so
7fd6079a8000-7fd607ba7000 ---p 00069000 08:07 1580182                    /usr/lib/jvm/java-7-oracle/jre/lib/amd64/libt2k.so
7fd607ba7000-7fd607bae000 rw-p 00068000 08:07 1580182                    /usr/lib/jvm/java-7-oracle/jre/lib/amd64/libt2k.so
7fd607bae000-7fd607bbe000 rw-p 00000000 00:00 0 
7fd608000000-7fd608021000 rw-p 00000000 00:00 0 
7fd608021000-7fd60c000000 ---p 00000000 00:00 0 
7fd60c08d000-7fd60c09b000 r--s 00000000 08:06 1573415                    /var/cache/fontconfig/6aa41aa22e18b8fa06a12da28ea9c28b-le64.cache-4
7fd60c09b000-7fd60c09c000 r--s 00000000 08:06 1573821                    /var/cache/fontconfig/c05880de57d1f5e948fdfacc138775d9-le64.cache-4
7fd60c09c000-7fd60c0a7000 r--s 00000000 08:06 1573036                    /var/cache/fontconfig/945677eb7aeaf62f1d50efc3fb3ec7d8-le64.cache-4
7fd60c0a7000-7fd60c0ad000 r--s 00000000 08:06 1573819                    /var/cache/fontconfig/2cd17615ca594fa2959ae173292e504c-le64.cache-4
7fd60c0ad000-7fd60c0ae000 r--s 00000000 08:06 1573818                    /var/cache/fontconfig/e7071f4a29fa870f4323321c154eba04-le64.cache-4
7fd60c0ae000-7fd60c0af000 r--s 00000000 08:06 1573817                    /var/cache/fontconfig/0d8c3b2ac0904cb8a57a757ad11a4a08-le64.cache-4
7fd60c0af000-7fd60c0b6000 r--s 00000000 08:06 1573816                    /var/cache/fontconfig/a755afe4a08bf5b97852ceb7400b47bc-le64.cache-4
7fd60c0b6000-7fd60c0ba000 r--s 00000000 08:06 1573726                    /var/cache/fontconfig/6d41288fd70b0be22e8c3a91e032eec0-le64.cache-4
7fd60c0ba000-7fd60c0ce000 r--s 00000000 08:06 1573699                    /var/cache/fontconfig/04aabc0a78ac019cf9454389977116d2-le64.cache-4
7fd60c0ce000-7fd60c0cf000 r--s 00000000 08:06 1573814                    /var/cache/fontconfig/1ac9eb803944fde146138c791f5cc56a-le64.cache-4
7fd60c0cf000-7fd60c0d3000 r--s 00000000 08:06 1573813                    /var/cache/fontconfig/385c0604a188198f04d133e54aba7fe7-le64.cache-4
7fd60c0d3000-7fd60c0d4000 r--s 00000000 08:06 1573812                    /var/cache/fontconfig/dc05db6664285cc2f12bf69c139ae4c3-le64.cache-4
7fd60c0d4000-7fd60c0d6000 r--s 00000000 08:06 1573799                    /var/cache/fontconfig/767a8244fc0220cfb567a839d0392e0b-le64.cache-4
7fd60c0d6000-7fd60c0d7000 r--s 00000000 08:06 1573394                    /var/cache/fontconfig/4794a0821666d79190d59a36cb4f44b5-le64.cache-4
7fd60c0d7000-7fd60c0dc000 r--s 00000000 08:06 1573810                    /var/cache/fontconfig/8801497958630a81b71ace7c5f9b32a8-le64.cache-4
7fd60c0dc000-7fd60c0e3000 r--s 00000000 08:06 1573809                    /var/cache/fontconfig/3047814df9a2f067bd2d96a2b9c36e5a-le64.cache-4
7fd60c0e3000-7fd60c0e4000 r--s 00000000 08:06 1573808                    /var/cache/fontconfig/56cf4f4769d0f4abc89a4895d7bd3ae1-le64.cache-4
7fd60c0e4000-7fd60c0e5000 r--s 00000000 08:06 1573807                    /var/cache/fontconfig/b9d506c9ac06c20b433354fa67a72993-le64.cache-4
7fd60c0e5000-7fd60c0eb000 r--s 00000000 08:06 1573806                    /var/cache/fontconfig/b47c4e1ecd0709278f4910c18777a504-le64.cache-4
7fd60c0eb000-7fd60c0fe000 r--s 00000000 08:06 1573805                    /var/cache/fontconfig/d52a8644073d54c13679302ca1180695-le64.cache-4
7fd60c0fe000-7fd60c107000 r--s 00000000 08:06 1573388                    /var/cache/fontconfig/3f7329c5293ffd510edef78f73874cfd-le64.cache-4
7fd60c107000-7fd60c112000 r--s 00000000 08:06 1573652                    /var/cache/fontconfig/d589a48862398ed80a3d6066f4f56f4c-le64.cache-4
7fd60c112000-7fd60c113000 r--s 00000000 08:06 1573802                    /var/cache/fontconfig/0c9eb80ebd1c36541ebe2852d3bb0c49-le64.cache-4
7fd60c113000-7fd60c134000 r--s 00000000 08:06 1573468                    /var/cache/fontconfig/e13b20fdb08344e0e664864cc2ede53d-le64.cache-4
7fd60c134000-7fd60c141000 r--s 00000000 08:06 1573414                    /var/cache/fontconfig/8f02d4cb045bd6ce15663e43f347c9f8-le64.cache-4
7fd60c747000-7fd60c847000 rw-s 00000000 00:04 2916371                    /SYSV00000000 (deleted)
7fd60c962000-7fd60c965000 ---p 00000000 00:00 0 
7fd60c965000-7fd60ca63000 rw-p 00000000 00:00 0 
7fd60ca63000-7fd60ca79000 r-xp 00000000 08:09 525483                     /lib/x86_64-linux-gnu/libgcc_s.so.1
7fd60ca79000-7fd60cc78000 ---p 00016000 08:09 525483                     /lib/x86_64-linux-gnu/libgcc_s.so.1
7fd60cc78000-7fd60cc79000 rw-p 00015000 08:09 525483                     /lib/x86_64-linux-gnu/libgcc_s.so.1
7fd60cc79000-7fd60ccde000 r-xp 00000000 08:07 1580154                    /usr/lib/jvm/java-7-oracle/jre/lib/amd64/libfontmanager.so
7fd60ccde000-7fd60cedd000 ---p 00065000 08:07 1580154                    /usr/lib/jvm/java-7-oracle/jre/lib/amd64/libfontmanager.so
7fd60cedd000-7fd60cee2000 rw-p 00064000 08:07 1580154                    /usr/lib/jvm/java-7-oracle/jre/lib/amd64/libfontmanager.so
7fd60cee2000-7fd60cef2000 rw-p 00000000 00:00 0 
7fd60cef2000-7fd60cef5000 ---p 00000000 00:00 0 
7fd60cef5000-7fd60cff3000 rw-p 00000000 00:00 0                          [stack:7290]
7fd60cff3000-7fd60cff6000 ---p 00000000 00:00 0 
7fd60cff6000-7fd60d0f4000 rw-p 00000000 00:00 0                          [stack:7289]
7fd60d0f4000-7fd60d0f7000 ---p 00000000 00:00 0 
7fd60d0f7000-7fd60d1f5000 rw-p 00000000 00:00 0                          [stack:6152]
7fd60d1f5000-7fd60d1fa000 r-xp 00000000 08:07 4982587                    /usr/lib/x86_64-linux-gnu/libXfixes.so.3.1.0
7fd60d1fa000-7fd60d3f9000 ---p 00005000 08:07 4982587                    /usr/lib/x86_64-linux-gnu/libXfixes.so.3.1.0
7fd60d3f9000-7fd60d3fa000 r--p 00004000 08:07 4982587                    /usr/lib/x86_64-linux-gnu/libXfixes.so.3.1.0
7fd60d3fa000-7fd60d3fb000 rw-p 00005000 08:07 4982587                    /usr/lib/x86_64-linux-gnu/libXfixes.so.3.1.0
7fd60d3fb000-7fd60d404000 r-xp 00000000 08:07 4987224                    /usr/lib/x86_64-linux-gnu/libXcursor.so.1.0.2
7fd60d404000-7fd60d603000 ---p 00009000 08:07 4987224                    /usr/lib/x86_64-linux-gnu/libXcursor.so.1.0.2
7fd60d603000-7fd60d604000 r--p 00008000 08:07 4987224                    /usr/lib/x86_64-linux-gnu/libXcursor.so.1.0.2
7fd60d604000-7fd60d605000 rw-p 00009000 08:07 4987224                    /usr/lib/x86_64-linux-gnu/libXcursor.so.1.0.2
7fd60d605000-7fd60d608000 ---p 00000000 00:00 0 
7fd60d608000-7fd60d706000 rw-p 00000000 00:00 0                          [stack:6151]
7fd60d706000-7fd60d70b000 r-xp 00000000 08:07 4987228                    /usr/lib/x86_64-linux-gnu/libXdmcp.so.6.0.0
7fd60d70b000-7fd60d90a000 ---p 00005000 08:07 4987228                    /usr/lib/x86_64-linux-gnu/libXdmcp.so.6.0.0
7fd60d90a000-7fd60d90b000 r--p 00004000 08:07 4987228                    /usr/lib/x86_64-linux-gnu/libXdmcp.so.6.0.0
7fd60d90b000-7fd60d90c000 rw-p 00005000 08:07 4987228                    /usr/lib/x86_64-linux-gnu/libXdmcp.so.6.0.0
7fd60d90c000-7fd60d90e000 r-xp 00000000 08:07 4987217                    /usr/lib/x86_64-linux-gnu/libXau.so.6.0.0
7fd60d90e000-7fd60db0e000 ---p 00002000 08:07 4987217                    /usr/lib/x86_64-linux-gnu/libXau.so.6.0.0
7fd60db0e000-7fd60db0f000 r--p 00002000 08:07 4987217                    /usr/lib/x86_64-linux-gnu/libXau.so.6.0.0
7fd60db0f000-7fd60db10000 rw-p 00003000 08:07 4987217                    /usr/lib/x86_64-linux-gnu/libXau.so.6.0.0
7fd60db10000-7fd60db2d000 r-xp 00000000 08:07 4988285                    /usr/lib/x86_64-linux-gnu/libxcb.so.1.1.0
7fd60db2d000-7fd60dd2d000 ---p 0001d000 08:07 4988285                    /usr/lib/x86_64-linux-gnu/libxcb.so.1.1.0
7fd60dd2d000-7fd60dd2e000 r--p 0001d000 08:07 4988285                    /usr/lib/x86_64-linux-gnu/libxcb.so.1.1.0
7fd60dd2e000-7fd60dd2f000 rw-p 0001e000 08:07 4988285                    /usr/lib/x86_64-linux-gnu/libxcb.so.1.1.0
7fd60dd2f000-7fd60dd3e000 r-xp 00000000 08:07 4987982                    /usr/lib/x86_64-linux-gnu/libXi.so.6.1.0
7fd60dd3e000-7fd60df3d000 ---p 0000f000 08:07 4987982                    /usr/lib/x86_64-linux-gnu/libXi.so.6.1.0
7fd60df3d000-7fd60df3e000 r--p 0000e000 08:07 4987982                    /usr/lib/x86_64-linux-gnu/libXi.so.6.1.0
7fd60df3e000-7fd60df3f000 rw-p 0000f000 08:07 4987982                    /usr/lib/x86_64-linux-gnu/libXi.so.6.1.0
7fd60df3f000-7fd60df44000 r-xp 00000000 08:07 4987258                    /usr/lib/x86_64-linux-gnu/libXtst.so.6.1.0
7fd60df44000-7fd60e143000 ---p 00005000 08:07 4987258                    /usr/lib/x86_64-linux-gnu/libXtst.so.6.1.0
7fd60e143000-7fd60e144000 r--p 00004000 08:07 4987258                    /usr/lib/x86_64-linux-gnu/libXtst.so.6.1.0
7fd60e144000-7fd60e145000 rw-p 00005000 08:07 4987258                    /usr/lib/x86_64-linux-gnu/libXtst.so.6.1.0
7fd60e145000-7fd60e14e000 r-xp 00000000 08:07 4983626                    /usr/lib/x86_64-linux-gnu/libXrender.so.1.3.0
7fd60e14e000-7fd60e34d000 ---p 00009000 08:07 4983626                    /usr/lib/x86_64-linux-gnu/libXrender.so.1.3.0
7fd60e34d000-7fd60e34e000 r--p 00008000 08:07 4983626                    /usr/lib/x86_64-linux-gnu/libXrender.so.1.3.0
7fd60e34e000-7fd60e34f000 rw-p 00009000 08:07 4983626                    /usr/lib/x86_64-linux-gnu/libXrender.so.1.3.0
7fd60e34f000-7fd60e47f000 r-xp 00000000 08:07 4987213                    /usr/lib/x86_64-linux-gnu/libX11.so.6.3.0
7fd60e47f000-7fd60e67f000 ---p 00130000 08:07 4987213                    /usr/lib/x86_64-linux-gnu/libX11.so.6.3.0
7fd60e67f000-7fd60e680000 r--p 00130000 08:07 4987213                    /usr/lib/x86_64-linux-gnu/libX11.so.6.3.0
7fd60e680000-7fd60e684000 rw-p 00131000 08:07 4987213                    /usr/lib/x86_64-linux-gnu/libX11.so.6.3.0
7fd60e684000-7fd60e695000 r-xp 00000000 08:07 4982593                    /usr/lib/x86_64-linux-gnu/libXext.so.6.4.0
7fd60e695000-7fd60e894000 ---p 00011000 08:07 4982593                    /usr/lib/x86_64-linux-gnu/libXext.so.6.4.0
7fd60e894000-7fd60e895000 r--p 00010000 08:07 4982593                    /usr/lib/x86_64-linux-gnu/libXext.so.6.4.0
7fd60e895000-7fd60e896000 rw-p 00011000 08:07 4982593                    /usr/lib/x86_64-linux-gnu/libXext.so.6.4.0
7fd60e896000-7fd60e89a000 r--s 00000000 08:06 1573725                    /var/cache/fontconfig/7ef2298fde41cc6eeb7af42e48b7d293-le64.cache-4
7fd60e89a000-7fd60e89c000 r--s 00000000 08:06 1573417                    /var/cache/fontconfig/16326683038b281783a0ef8c680e3a10-le64.cache-4
7fd60e89c000-7fd60e89d000 r--s 00000000 08:06 1573410                    /var/cache/fontconfig/e0aa53bcfa504e64f87823c16bc01eb6-le64.cache-4
7fd60e89d000-7fd60e8bb000 r--s 00000000 08:06 1573391                    /var/cache/fontconfig/467c019e582ee353435ea5c21d137ef6-le64.cache-4
7fd60e8bb000-7fd60e90b000 r-xp 00000000 08:07 1704124                    /usr/lib/jvm/java-7-oracle/jre/lib/amd64/xawt/libmawt.so
7fd60e90b000-7fd60eb0b000 ---p 00050000 08:07 1704124                    /usr/lib/jvm/java-7-oracle/jre/lib/amd64/xawt/libmawt.so
7fd60eb0b000-7fd60eb0f000 rw-p 00050000 08:07 1704124                    /usr/lib/jvm/java-7-oracle/jre/lib/amd64/xawt/libmawt.so
7fd60eb0f000-7fd60eb10000 rw-p 00000000 00:00 0 
7fd60eb10000-7fd60ebb2000 r-xp 00000000 08:07 1580197                    /usr/lib/jvm/java-7-oracle/jre/lib/amd64/libawt.so
7fd60ebb2000-7fd60edb2000 ---p 000a2000 08:07 1580197                    /usr/lib/jvm/java-7-oracle/jre/lib/amd64/libawt.so
7fd60edb2000-7fd60edbe000 rw-p 000a2000 08:07 1580197                    /usr/lib/jvm/java-7-oracle/jre/lib/amd64/libawt.so
7fd60edbe000-7fd60ede2000 rw-p 00000000 00:00 0 
7fd60ede2000-7fd60eded000 r--s 0037c000 08:07 1580219                    /usr/lib/jvm/java-7-oracle/jre/lib/charsets.jar
7fd60eded000-7fd60ee04000 r-xp 00000000 08:07 1580181                    /usr/lib/jvm/java-7-oracle/jre/lib/amd64/libnet.so
7fd60ee04000-7fd60f003000 ---p 00017000 08:07 1580181                    /usr/lib/jvm/java-7-oracle/jre/lib/amd64/libnet.so
7fd60f003000-7fd60f004000 rw-p 00016000 08:07 1580181                    /usr/lib/jvm/java-7-oracle/jre/lib/amd64/libnet.so
7fd60f004000-7fd60f014000 r-xp 00000000 08:07 1580187                    /usr/lib/jvm/java-7-oracle/jre/lib/amd64/libnio.so
7fd60f014000-7fd60f214000 ---p 00010000 08:07 1580187                    /usr/lib/jvm/java-7-oracle/jre/lib/amd64/libnio.so
7fd60f214000-7fd60f215000 rw-p 00010000 08:07 1580187                    /usr/lib/jvm/java-7-oracle/jre/lib/amd64/libnio.so
7fd60f215000-7fd60f219000 r--s 0008b000 08:07 1580220                    /usr/lib/jvm/java-7-oracle/jre/lib/jsse.jar
7fd60f219000-7fd60f21d000 r--s 00037000 08:07 1704204                    /usr/lib/jvm/java-7-oracle/jre/lib/ext/sunpkcs11.jar
7fd60f21d000-7fd60f221000 r--s 0002d000 08:07 1704202                    /usr/lib/jvm/java-7-oracle/jre/lib/ext/sunjce_provider.jar
7fd60f221000-7fd60f222000 r--s 00010000 08:07 1704203                    /usr/lib/jvm/java-7-oracle/jre/lib/ext/zipfs.jar
7fd60f222000-7fd60f224000 r--s 00001000 08:07 1704205                    /usr/lib/jvm/java-7-oracle/jre/lib/ext/dnsns.jar
7fd60f224000-7fd60f228000 r--s 000f7000 08:07 1704200                    /usr/lib/jvm/java-7-oracle/jre/lib/ext/localedata.jar
7fd60f228000-7fd60f229000 r--s 00003000 08:07 1704201                    /usr/lib/jvm/java-7-oracle/jre/lib/ext/sunec.jar
7fd60f229000-7fd60f22e000 r--s 0007e000 08:07 1580228                    /usr/lib/jvm/java-7-oracle/jre/lib/jfr.jar
7fd60f22e000-7fd60f239000 r--s 0037c000 08:07 1580219                    /usr/lib/jvm/java-7-oracle/jre/lib/charsets.jar
7fd60f239000-7fd60f23c000 r--s 00019000 08:07 1577533                    /usr/lib/jvm/java-7-oracle/jre/lib/jce.jar
7fd60f23c000-7fd60f240000 r--s 0008b000 08:07 1580220                    /usr/lib/jvm/java-7-oracle/jre/lib/jsse.jar
7fd60f240000-7fd60f24a000 r--s 00253000 08:07 1580218                    /usr/lib/jvm/java-7-oracle/jre/lib/resources.jar
7fd60f24a000-7fd60f24d000 ---p 00000000 00:00 0 
7fd60f24d000-7fd60f283000 rw-p 00000000 00:00 0 
7fd60f283000-7fd60f28e000 r--s 00065000 08:05 5249707                    /home/mandar/Development/bayesLearn/target/repo/bayesLearn-1.2-SNAPSHOT.jar
7fd60f28e000-7fd60f291000 r--s 00721000 08:05 5249706                    /home/mandar/Development/bayesLearn/target/repo/jblas-1.2.3.jar
7fd60f291000-7fd60f29e000 r--s 0008f000 08:05 5249705                    /home/mandar/Development/bayesLearn/target/repo/spark-graphx_2.10-1.3.1.jar
7fd60f29e000-7fd60f2a3000 r--s 00058000 08:05 5249704                    /home/mandar/Development/bayesLearn/target/repo/jodd-core-3.6.3.jar
7fd60f2a3000-7fd60f2b6000 r--s 000e9000 08:05 5249703                    /home/mandar/Development/bayesLearn/target/repo/parquet-jackson-1.6.0rc3.jar
7fd60f2b6000-7fd60f2bd000 r--s 00055000 08:05 5249702                    /home/mandar/Development/bayesLearn/target/repo/parquet-format-2.2.0-rc1.jar
7fd60f2bd000-7fd60f2c1000 r--s 0002c000 08:05 5249637                    /home/mandar/Development/bayesLearn/target/repo/parquet-hadoop-1.6.0rc3.jar
7fd60f2c1000-7fd60f2c2000 r--s 00003000 08:05 5249636                    /home/mandar/Development/bayesLearn/target/repo/parquet-generator-1.6.0rc3.jar
7fd60f2c2000-7fd60f2c8000 r--s 0003d000 08:05 5249635                    /home/mandar/Development/bayesLearn/target/repo/parquet-encoding-1.6.0rc3.jar
7fd60f2c8000-7fd60f2c9000 r--s 00003000 08:05 5249634                    /home/mandar/Development/bayesLearn/target/repo/parquet-common-1.6.0rc3.jar
7fd60f2c9000-7fd60f2dd000 r--s 000c0000 08:05 5249633                    /home/mandar/Development/bayesLearn/target/repo/parquet-column-1.6.0rc3.jar
7fd60f2dd000-7fd60f31a000 r--s 00282000 08:05 5249632                    /home/mandar/Development/bayesLearn/target/repo/spark-catalyst_2.10-1.3.1.jar
7fd60f31a000-7fd60f343000 r--s 00204000 08:05 5249631                    /home/mandar/Development/bayesLearn/target/repo/spark-sql_2.10-1.3.1.jar
7fd60f343000-7fd60f361000 r--s 00124000 08:05 5249630                    /home/mandar/Development/bayesLearn/target/repo/spark-streaming_2.10-1.3.1.jar
7fd60f361000-7fd60f38f000 r--s 0020b000 08:05 5249629                    /home/mandar/Development/bayesLearn/target/repo/spark-mllib_2.10-1.3.1.jar
7fd60f38f000-7fd60f390000 r--s 00000000 08:05 5249628                    /home/mandar/Development/bayesLearn/target/repo/unused-1.0.0.jar
7fd60f390000-7fd60f392000 r--s 00012000 08:05 5249627                    /home/mandar/Development/bayesLearn/target/repo/py4j-0.8.2.1.jar
7fd60f392000-7fd60f394000 r--s 0000f000 08:05 5249626                    /home/mandar/Development/bayesLearn/target/repo/pyrolite-2.0.1.jar
7fd60f394000-7fd60f3b8000 r--s 001df000 08:05 5249625                    /home/mandar/Development/bayesLearn/target/repo/tachyon-0.5.0.jar
7fd60f3b8000-7fd60f3b9000 r--s 00000000 08:05 5249624                    /home/mandar/Development/bayesLearn/target/repo/tachyon-client-0.5.0.jar
7fd60f3b9000-7fd60f3bb000 r--s 0000e000 08:05 5249623                    /home/mandar/Development/bayesLearn/target/repo/oro-2.0.8.jar
7fd60f3bb000-7fd60f3d1000 r--s 00124000 08:05 5249622                    /home/mandar/Development/bayesLearn/target/repo/ivy-2.4.0.jar
7fd60f3d1000-7fd60f3d3000 r--s 00007000 08:05 5249621                    /home/mandar/Development/bayesLearn/target/repo/paranamer-2.6.jar
7fd60f3d3000-7fd60f3e3000 r--s 00077000 08:05 5249620                    /home/mandar/Development/bayesLearn/target/repo/jackson-module-scala_2.10-2.4.4.jar
7fd60f3e3000-7fd60f3e7000 r--s 00034000 08:05 5249619                    /home/mandar/Development/bayesLearn/target/repo/jackson-core-2.4.4.jar
7fd60f3e7000-7fd60f3ea000 r--s 00007000 08:05 5249618                    /home/mandar/Development/bayesLearn/target/repo/jackson-annotations-2.4.0.jar
7fd60f3ea000-7fd60f3fb000 r--s 000f6000 08:05 5249617                    /home/mandar/Development/bayesLearn/target/repo/jackson-databind-2.4.4.jar
7fd60f3fb000-7fd60f3fd000 r--s 00004000 08:05 5249616                    /home/mandar/Development/bayesLearn/target/repo/metrics-graphite-3.1.0.jar
7fd60f3fd000-7fd60f3fe000 r--s 00003000 08:05 5249615                    /home/mandar/Development/bayesLearn/target/repo/metrics-json-3.1.0.jar
7fd60f3fe000-7fd60f400000 r--s 00007000 08:05 5249614                    /home/mandar/Development/bayesLearn/target/repo/metrics-jvm-3.1.0.jar
7fd60f400000-7fd60f404000 r--s 00018000 08:05 5249613                    /home/mandar/Development/bayesLearn/target/repo/metrics-core-3.1.0.jar
7fd60f404000-7fd60f407000 r--s 00028000 08:05 5249612                    /home/mandar/Development/bayesLearn/target/repo/stream-2.7.0.jar
7fd60f407000-7fd60f424000 r--s 00196000 08:05 5249611                    /home/mandar/Development/bayesLearn/target/repo/netty-all-4.0.23.Final.jar
7fd60f424000-7fd60f432000 r--s 0012a000 08:05 5249610                    /home/mandar/Development/bayesLearn/target/repo/mesos-0.21.0-shaded-protobuf.jar
7fd60f432000-7fd60f445000 r--s 000be000 08:05 5249609                    /home/mandar/Development/bayesLearn/target/repo/scalap-2.10.0.jar
7fd60f445000-7fd60f447000 r--s 00013000 08:05 5249608                    /home/mandar/Development/bayesLearn/target/repo/json4s-ast_2.10-3.2.10.jar
7fd60f447000-7fd60f451000 r--s 00085000 08:05 5249607                    /home/mandar/Development/bayesLearn/target/repo/json4s-core_2.10-3.2.10.jar
7fd60f451000-7fd60f452000 r--s 00009000 08:05 5249606                    /home/mandar/Development/bayesLearn/target/repo/json4s-jackson_2.10-3.2.10.jar
7fd60f452000-7fd60f453000 r--s 00003000 08:05 5249605                    /home/mandar/Development/bayesLearn/target/repo/akka-slf4j_2.10-2.3.4-spark.jar
7fd60f453000-7fd60f455000 r--s 0000a000 08:05 5249604                    /home/mandar/Development/bayesLearn/target/repo/uncommons-maths-1.2.2a.jar
7fd60f455000-7fd60f45d000 r--s 0007c000 08:05 5249603                    /home/mandar/Development/bayesLearn/target/repo/protobuf-java-2.5.0-spark.jar
7fd60f45d000-7fd60f475000 r--s 00115000 08:05 5249602                    /home/mandar/Development/bayesLearn/target/repo/netty-3.8.0.Final.jar
7fd60f475000-7fd60f49a000 r--s 0024b000 08:05 5249601                    /home/mandar/Development/bayesLearn/target/repo/akka-actor_2.10-2.3.4-spark.jar
7fd60f49a000-7fd60f4af000 r--s 00136000 08:05 5249600                    /home/mandar/Development/bayesLearn/target/repo/akka-remote_2.10-2.3.4-spark.jar
7fd60f4af000-7fd60f4b3000 r--s 00030000 08:05 5249599                    /home/mandar/Development/bayesLearn/target/repo/commons-net-2.2.jar
7fd60f4b3000-7fd60f4b5000 r--s 00019000 08:05 5249598                    /home/mandar/Development/bayesLearn/target/repo/RoaringBitmap-0.4.5.jar
7fd60f4b5000-7fd60f4b7000 r--s 00027000 08:05 5249597                    /home/mandar/Development/bayesLearn/target/repo/lz4-1.2.0.jar
7fd60f4b7000-7fd60f4b9000 r--s 0008f000 08:05 5249596                    /home/mandar/Development/bayesLearn/target/repo/snappy-java-1.1.1.6.jar
7fd60f4b9000-7fd60f4bb000 r--s 00011000 08:05 5249595                    /home/mandar/Development/bayesLearn/target/repo/compress-lzf-1.0.0.jar
7fd60f4bb000-7fd60f4bd000 r--s 00001000 08:05 5249594                    /home/mandar/Development/bayesLearn/target/repo/slf4j-log4j12-1.7.10.jar
7fd60f4bd000-7fd60f4bf000 r--s 00003000 08:05 5249593                    /home/mandar/Development/bayesLearn/target/repo/jcl-over-slf4j-1.7.10.jar
7fd60f4bf000-7fd60f4c1000 r--s 00000000 08:05 5249592                    /home/mandar/Development/bayesLearn/target/repo/jul-to-slf4j-1.7.10.jar
7fd60f4c1000-7fd60f4c4000 r--s 00006000 08:05 5249591                    /home/mandar/Development/bayesLearn/target/repo/jsr305-1.3.9.jar
7fd60f4c4000-7fd60f4cb000 r--s 0005e000 08:05 5249590                    /home/mandar/Development/bayesLearn/target/repo/commons-lang3-3.3.2.jar
7fd60f4cb000-7fd60f4ce000 r--s 0002e000 08:05 5249589                    /home/mandar/Development/bayesLearn/target/repo/javax.servlet-3.0.0.v201112011016.jar
7fd60f4ce000-7fd60f4da000 r--s 000b3000 08:05 5249588                    /home/mandar/Development/bayesLearn/target/repo/zookeeper-3.4.5.jar
7fd60f4da000-7fd60f4dd000 r--s 0000e000 08:05 5249587                    /home/mandar/Development/bayesLearn/target/repo/curator-client-2.4.0.jar
7fd60f4dd000-7fd60f4e2000 r--s 00027000 08:05 5249586                    /home/mandar/Development/bayesLearn/target/repo/curator-framework-2.4.0.jar
7fd60f4e2000-7fd60f4e8000 r--s 00035000 08:05 5249585                    /home/mandar/Development/bayesLearn/target/repo/curator-recipes-2.4.0.jar
7fd60f4e8000-7fd60f4ee000 r--s 00045000 08:05 5249584                    /home/mandar/Development/bayesLearn/target/repo/commons-httpclient-3.1.jar
7fd60f4ee000-7fd60f4f0000 r--s 0000a000 08:05 5249583                    /home/mandar/Development/bayesLearn/target/repo/commons-codec-1.3.jar
7fd60f4f0000-7fd60f4f6000 r--s 00057000 08:05 5249582                    /home/mandar/Development/bayesLearn/target/repo/jets3t-0.7.1.jar
7fd60f4f6000-7fd60f4f9000 r--s 0000c000 08:05 5249581                    /home/mandar/Development/bayesLearn/target/repo/spark-network-shuffle_2.10-1.3.1.jar
7fd60f4f9000-7fd60f526000 r--s 00205000 08:05 5249580                    /home/mandar/Development/bayesLearn/target/repo/spark-network-common_2.10-1.3.1.jar
7fd60f526000-7fd60f528000 r--s 00003000 08:05 5249579                    /home/mandar/Development/bayesLearn/target/repo/hadoop-annotations-2.2.0.jar
7fd60f528000-7fd60f529000 r--s 00008000 08:05 5249578                    /home/mandar/Development/bayesLearn/target/repo/hadoop-mapreduce-client-jobclient-2.2.0.jar
7fd60f529000-7fd60f53b000 r--s 0012c000 08:05 5249577                    /home/mandar/Development/bayesLearn/target/repo/hadoop-yarn-common-2.2.0.jar
7fd60f53b000-7fd60f553000 r--s 0014c000 08:05 5249576                    /home/mandar/Development/bayesLearn/target/repo/hadoop-mapreduce-client-core-2.2.0.jar
7fd60f553000-7fd60f564000 r--s 0010a000 08:05 5249575                    /home/mandar/Development/bayesLearn/target/repo/hadoop-yarn-api-2.2.0.jar
7fd60f564000-7fd60f566000 r--s 00004000 08:05 5249574                    /home/mandar/Development/bayesLearn/target/repo/hadoop-mapreduce-client-shuffle-2.2.0.jar
7fd60f566000-7fd60f56a000 r--s 00027000 08:05 5249573                    /home/mandar/Development/bayesLearn/target/repo/hadoop-yarn-server-common-2.2.0.jar
7fd60f56a000-7fd60f56b000 r--s 00003000 08:05 5249572                    /home/mandar/Development/bayesLearn/target/repo/jersey-guice-1.9.jar
7fd60f56b000-7fd60f56c000 r--s 00007000 08:05 5249571                    /home/mandar/Development/bayesLearn/target/repo/jackson-xc-1.8.3.jar
7fd60f56c000-7fd60f56d000 r--s 00004000 08:05 5249570                    /home/mandar/Development/bayesLearn/target/repo/jackson-jaxrs-1.8.3.jar
7fd60f56d000-7fd60f56f000 r--s 0000e000 08:05 5249569                    /home/mandar/Development/bayesLearn/target/repo/activation-1.1.jar
7fd60f56f000-7fd60f572000 r--s 00017000 08:05 5249568                    /home/mandar/Development/bayesLearn/target/repo/jaxb-api-2.2.2.jar
7fd60f572000-7fd60f585000 r--s 000c7000 08:05 5249567                    /home/mandar/Development/bayesLearn/target/repo/jaxb-impl-2.2.3-1.jar
7fd60f585000-7fd60f589000 r--s 00021000 08:05 5249566                    /home/mandar/Development/bayesLearn/target/repo/jersey-json-1.9.jar
7fd60f589000-7fd60f593000 r--s 00066000 08:05 5249565                    /home/mandar/Development/bayesLearn/target/repo/jersey-core-1.9.jar
7fd60f593000-7fd60f5a5000 r--s 0009d000 08:05 5249564                    /home/mandar/Development/bayesLearn/target/repo/jersey-server-1.9.jar
7fd60f5a5000-7fd60f5a8000 r--s 00012000 08:05 5249563                    /home/mandar/Development/bayesLearn/target/repo/javax.servlet-3.1.jar
7fd60f5a8000-7fd60f5b0000 r--s 0004b000 08:05 5249562                    /home/mandar/Development/bayesLearn/target/repo/grizzly-http-servlet-2.1.2.jar
7fd60f5b0000-7fd60f5b1000 r--s 00001000 08:05 5249561                    /home/mandar/Development/bayesLearn/target/repo/grizzly-rcm-2.1.2.jar
7fd60f5b1000-7fd60f5b5000 r--s 0002d000 08:05 5249560                    /home/mandar/Development/bayesLearn/target/repo/grizzly-http-server-2.1.2.jar
7fd60f5b5000-7fd60f5b7000 r--s 00009000 08:05 5249559                    /home/mandar/Development/bayesLearn/target/repo/management-api-3.0.0-b012.jar
7fd60f5b7000-7fd60f5b9000 r--s 00004000 08:05 5249558                    /home/mandar/Development/bayesLearn/target/repo/gmbal-api-only-3.0.0-b023.jar
7fd60f5b9000-7fd60f5c7000 r--s 0009b000 08:05 5249557                    /home/mandar/Development/bayesLearn/target/repo/grizzly-framework-2.1.2.jar
7fd60f5c7000-7fd60f5cb000 r--s 0003a000 08:05 5249556                    /home/mandar/Development/bayesLearn/target/repo/grizzly-http-2.1.2.jar
7fd60f5cb000-7fd60f5cd000 r--s 00003000 08:05 5249555                    /home/mandar/Development/bayesLearn/target/repo/jersey-grizzly2-1.9.jar
7fd60f5cd000-7fd60f5d0000 r--s 0001d000 08:05 5249554                    /home/mandar/Development/bayesLearn/target/repo/jersey-client-1.9.jar
7fd60f5d0000-7fd60f5d3000 r--s 00012000 08:05 5249553                    /home/mandar/Development/bayesLearn/target/repo/javax.servlet-api-3.0.1.jar
7fd60f5d3000-7fd60f5d5000 r--s 00005000 08:05 5249552                    /home/mandar/Development/bayesLearn/target/repo/jersey-test-framework-core-1.9.jar
7fd60f5d5000-7fd60f5d7000 r--s 00002000 08:05 5249551                    /home/mandar/Development/bayesLearn/target/repo/jersey-test-framework-grizzly2-1.9.jar
7fd60f5d7000-7fd60f5d9000 r--s 00000000 08:05 5249550                    /home/mandar/Development/bayesLearn/target/repo/aopalliance-1.0.jar
7fd60f5d9000-7fd60f5da000 r--s 00000000 08:05 5249549                    /home/mandar/Development/bayesLearn/target/repo/javax.inject-1.jar
7fd60f5da000-7fd60f5e9000 r--s 0009f000 08:05 5249548                    /home/mandar/Development/bayesLearn/target/repo/guice-3.0.jar
7fd60f5e9000-7fd60f5ec000 r--s 00015000 08:05 5249547                    /home/mandar/Development/bayesLearn/target/repo/hadoop-yarn-client-2.2.0.jar
7fd60f5ec000-7fd60f5f8000 r--s 00095000 08:05 5249546                    /home/mandar/Development/bayesLearn/target/repo/hadoop-mapreduce-client-common-2.2.0.jar
7fd60f5f8000-7fd60f601000 r--s 0006d000 08:05 5249545                    /home/mandar/Development/bayesLearn/target/repo/hadoop-mapreduce-client-app-2.2.0.jar
7fd60f601000-7fd60f605000 r--s 00028000 08:05 5249544                    /home/mandar/Development/bayesLearn/target/repo/jetty-util-6.1.26.jar
7fd60f605000-7fd60f64a000 r--s 004bb000 08:05 5249543                    /home/mandar/Development/bayesLearn/target/repo/hadoop-hdfs-2.2.0.jar
7fd60f64a000-7fd60f64e000 r--s 00014000 08:05 5249542                    /home/mandar/Development/bayesLearn/target/repo/xz-1.0.jar
7fd60f64e000-7fd60f653000 r--s 00036000 08:05 5249541                    /home/mandar/Development/bayesLearn/target/repo/commons-compress-1.4.1.jar
7fd60f653000-7fd60f655000 r--s 0000b000 08:05 5249540                    /home/mandar/Development/bayesLearn/target/repo/hadoop-auth-2.2.0.jar
7fd60f655000-7fd60f65d000 r--s 0007b000 08:05 5249525                    /home/mandar/Development/bayesLearn/target/repo/protobuf-java-2.5.0.jar
7fd60f65d000-7fd60f664000 r--s 00044000 08:05 5249516                    /home/mandar/Development/bayesLearn/target/repo/avro-1.7.4.jar
7fd60f664000-7fd60f671000 r--s 00097000 08:05 5249512                    /home/mandar/Development/bayesLearn/target/repo/jackson-mapper-asl-1.8.8.jar
7fd60f671000-7fd60f675000 r--s 00034000 08:05 5249498                    /home/mandar/Development/bayesLearn/target/repo/jackson-core-asl-1.8.8.jar
7fd60f675000-7fd60f678000 r--s 00025000 08:05 5249497                    /home/mandar/Development/bayesLearn/target/repo/commons-io-2.1.jar
7fd60f678000-7fd60f679000 r--s 00003000 08:05 5249496                    /home/mandar/Development/bayesLearn/target/repo/xmlenc-0.52.jar
7fd60f679000-7fd60f68a000 r--s 000bb000 08:05 5249495                    /home/mandar/Development/bayesLearn/target/repo/commons-math-2.1.jar
7fd60f68a000-7fd60f68c000 r--s 00009000 08:05 5249494                    /home/mandar/Development/bayesLearn/target/repo/commons-cli-1.2.jar
7fd60f68c000-7fd60f6b7000 r--s 00271000 08:05 5249493                    /home/mandar/Development/bayesLearn/target/repo/hadoop-common-2.2.0.jar
7fd60f6b7000-7fd60f6b8000 r--s 00000000 08:05 5249492                    /home/mandar/Development/bayesLearn/target/repo/hadoop-client-2.2.0.jar
7fd60f6b8000-7fd60f6ba000 r--s 0000a000 08:05 5249491                    /home/mandar/Development/bayesLearn/target/repo/chill-java-0.5.0.jar
7fd60f6ba000-7fd60f6bc000 r--s 00007000 08:05 5249490                    /home/mandar/Development/bayesLearn/target/repo/objenesis-1.2.jar
7fd60f6bc000-7fd60f6be000 r--s 00000000 08:05 5249489                    /home/mandar/Development/bayesLearn/target/repo/minlog-1.2.jar
7fd60f6be000-7fd60f6c0000 r--s 0000f000 08:05 5249488                    /home/mandar/Development/bayesLearn/target/repo/reflectasm-1.07-shaded.jar
7fd60f6c0000-7fd60f6c6000 r--s 00053000 08:05 5249487                    /home/mandar/Development/bayesLearn/target/repo/kryo-2.21.jar
7fd60f6c6000-7fd60f6ca000 r--s 00032000 08:05 5249486                    /home/mandar/Development/bayesLearn/target/repo/chill_2.10-0.5.0.jar
7fd60f6ca000-7fd60f76e000 r--s 007d3000 08:05 5249485                    /home/mandar/Development/bayesLearn/target/repo/spark-core_2.10-1.3.1.jar
7fd60f76e000-7fd60f77a000 r--s 000a4000 08:05 5249484                    /home/mandar/Development/bayesLearn/target/repo/quasiquotes_2.10-2.0.1.jar
7fd60f77a000-7fd60f787000 r--s 000af000 08:05 5249483                    /home/mandar/Development/bayesLearn/target/repo/scala-pickling_2.10-0.9.1.jar
7fd60f787000-7fd60f7b4000 r--s 001a9000 08:05 5249482                    /home/mandar/Development/bayesLearn/target/repo/scalax-0.1.jar
7fd60f7b4000-7fd60f7be000 r--s 000a3000 08:05 5249481                    /home/mandar/Development/bayesLearn/target/repo/scala-swing-2.10.4.jar
7fd60f7be000-7fd60f7c6000 r--s 00028000 08:05 5249480                    /home/mandar/Development/bayesLearn/target/repo/xml-apis-1.3.04.jar
7fd60f7c6000-7fd60f7cc000 r--s 0004a000 08:05 5249479                    /home/mandar/Development/bayesLearn/target/repo/jcommon-1.0.21.jar
7fd60f7cc000-7fd60f7dd000 r--s 00169000 08:05 5249478                    /home/mandar/Development/bayesLearn/target/repo/jfreechart-1.0.17.jar
7fd60f7dd000-7fd60f7e6000 r--s 0005b000 08:05 5249477                    /home/mandar/Development/bayesLearn/target/repo/scala-chart_2.10-0.4.2.jar
7fd60f7e6000-7fd60f7e9000 r--s 00018000 08:05 5249476                    /home/mandar/Development/bayesLearn/target/repo/jansi-1.4.jar
7fd60f7e9000-7fd60f7ec000 r--s 00024000 08:05 5249475                    /home/mandar/Development/bayesLearn/target/repo/jline-2.9.0-1.jar
7fd60f7ec000-7fd60f7f5000 r--s 0006f000 08:05 5249474                    /home/mandar/Development/bayesLearn/target/repo/log4j-1.2.17.jar
7fd60f7f5000-7fd60f7f8000 r--s 0000e000 08:05 5249473                    /home/mandar/Development/bayesLearn/target/repo/scala-csv_2.10-1.1.2.jar
7fd60f7f8000-7fd60f7fa000 r--s 00005000 08:05 5249456                    /home/mandar/Development/bayesLearn/target/repo/slf4j-api-1.7.5.jar
7fd60f7fa000-7fd60f7fc000 r--s 00012000 08:05 5249455                    /home/mandar/Development/bayesLearn/target/repo/spire-macros_2.10-0.7.4.jar
7fd60f7fc000-7fd60f850000 r--s 00697000 08:05 5249454                    /home/mandar/Development/bayesLearn/target/repo/spire_2.10-0.7.4.jar
7fd60f850000-7fd60f86e000 r--s 00180000 08:05 5249453                    /home/mandar/Development/bayesLearn/target/repo/commons-math3-3.2.jar
7fd60f86e000-7fd60f879000 r--s 000b0000 08:05 5249452                    /home/mandar/Development/bayesLearn/target/repo/jtransforms-2.4.0.jar
7fd60f879000-7fd60f87a000 r--s 00004000 08:05 5249451                    /home/mandar/Development/bayesLearn/target/repo/opencsv-2.3.jar
7fd60f87a000-7fd60f88c000 r--s 00112000 08:05 5249450                    /home/mandar/Development/bayesLearn/target/repo/arpack_combined_all-0.1.jar
7fd60f88c000-7fd60f88e000 r--s 00027000 08:05 5249449                    /home/mandar/Development/bayesLearn/target/repo/core-1.1.2.jar
7fd60f88e000-7fd60f890000 r--s 0001b000 08:05 5249448                    /home/mandar/Development/bayesLearn/target/repo/breeze-macros_2.10-0.3.1.jar
7fd60f890000-7fd60f8b1000 rw-p 00000000 00:00 0 
7fd60f8b1000-7fd60f97f000 r--s 00b97000 08:05 5249447                    /home/mandar/Development/bayesLearn/target/repo/breeze_2.10-0.10.jar
7fd60f97f000-7fd60f9a8000 r--s 001ee000 08:05 5249446                    /home/mandar/Development/bayesLearn/target/repo/guava-14.0.1.jar
7fd60f9a8000-7fd60f9fe000 r--s 00502000 08:05 5249435                    /home/mandar/Development/bayesLearn/target/repo/groovy-1.8.9.jar
7fd60f9fe000-7fd60fafb000 r--s 00cca000 08:05 5249417                    /home/mandar/Development/bayesLearn/target/repo/scala-compiler-2.10.4.jar
7fd60fafb000-7fd60fafc000 ---p 00000000 00:00 0 
7fd60fafc000-7fd60fbfc000 rw-p 00000000 00:00 0                          [stack:6090]
7fd60fbfc000-7fd60fbff000 ---p 00000000 00:00 0 
7fd60fbff000-7fd60fcfd000 rw-p 00000000 00:00 0                          [stack:6089]
7fd60fcfd000-7fd60fd00000 ---p 00000000 00:00 0 
7fd60fd00000-7fd60fdfe000 rw-p 00000000 00:00 0                          [stack:6088]
7fd60fdfe000-7fd60fe01000 ---p 00000000 00:00 0 
7fd60fe01000-7fd60feff000 rw-p 00000000 00:00 0                          [stack:6087]
7fd60feff000-7fd60ff02000 ---p 00000000 00:00 0 
7fd60ff02000-7fd610000000 rw-p 00000000 00:00 0                          [stack:6086]
7fd610000000-7fd610021000 rw-p 00000000 00:00 0 
7fd610021000-7fd614000000 ---p 00000000 00:00 0 
7fd614000000-7fd61400a000 r--s 000a5000 08:05 5249445                    /home/mandar/Development/bayesLearn/target/repo/javassist-3.18.0-GA.jar
7fd61400a000-7fd61400c000 r--s 00014000 08:05 5249444                    /home/mandar/Development/bayesLearn/target/repo/jline-0.9.94.jar
7fd61400c000-7fd61400d000 r--s 00004000 08:05 5249443                    /home/mandar/Development/bayesLearn/target/repo/ant-launcher-1.8.3.jar
7fd61400d000-7fd61402b000 r--s 001bc000 08:05 5249442                    /home/mandar/Development/bayesLearn/target/repo/ant-1.8.3.jar
7fd61402b000-7fd61402d000 r--s 00004000 08:05 5249441                    /home/mandar/Development/bayesLearn/target/repo/asm-tree-3.2.jar
7fd61402d000-7fd61402e000 r--s 00004000 08:05 5249440                    /home/mandar/Development/bayesLearn/target/repo/asm-analysis-3.2.jar
7fd61402e000-7fd614030000 r--s 00007000 08:05 5249438                    /home/mandar/Development/bayesLearn/target/repo/asm-commons-3.2.jar
7fd614030000-7fd614035000 r--s 00068000 08:05 5249436                    /home/mandar/Development/bayesLearn/target/repo/antlr-2.7.7.jar
7fd614035000-7fd614039000 r--s 00026000 08:05 5249433                    /home/mandar/Development/bayesLearn/target/repo/gremlin-groovy-2.5.0.jar
7fd614039000-7fd61403c000 r--s 00010000 08:05 5249432                    /home/mandar/Development/bayesLearn/target/repo/frames-2.5.0.jar
7fd61403c000-7fd614040000 r--s 00021000 08:05 5249431                    /home/mandar/Development/bayesLearn/target/repo/pipes-2.6.0.jar
7fd614040000-7fd614042000 r--s 0000d000 08:05 5249430                    /home/mandar/Development/bayesLearn/target/repo/commons-logging-1.1.1.jar
7fd614042000-7fd614047000 r--s 0002a000 08:05 5249428                    /home/mandar/Development/bayesLearn/target/repo/commons-beanutils-1.7.0.jar
7fd614047000-7fd614060000 r--s 00127000 08:05 5249423                    /home/mandar/Development/bayesLearn/target/repo/hppc-0.6.0.jar
7fd614060000-7fd614096000 r--s 002d9000 08:05 5249416                    /home/mandar/Development/bayesLearn/target/repo/scala-reflect-2.10.4.jar
7fd614096000-7fd614778000 r--p 00000000 08:07 4986135                    /usr/lib/locale/locale-archive
7fd614778000-7fd61477b000 ---p 00000000 00:00 0 
7fd61477b000-7fd614879000 rw-p 00000000 00:00 0                          [stack:6085]
7fd614879000-7fd61487c000 ---p 00000000 00:00 0 
7fd61487c000-7fd61497a000 rw-p 00000000 00:00 0                          [stack:6084]
7fd61497a000-7fd61497b000 ---p 00000000 00:00 0 
7fd61497b000-7fd619000000 rw-p 00000000 00:00 0                          [stack:6083]
7fd619000000-7fd619680000 rwxp 00000000 00:00 0 
7fd619680000-7fd61dc48000 rw-p 00000000 00:00 0 
7fd61dc48000-7fd620000000 ---p 00000000 00:00 0 
7fd620000000-7fd620004000 r--s 0002f000 08:05 5249429                    /home/mandar/Development/bayesLearn/target/repo/commons-beanutils-core-1.8.0.jar
7fd620004000-7fd620027000 rw-p 00000000 00:00 0 
7fd620027000-7fd620099000 r--s 0065a000 08:05 5245750                    /home/mandar/Development/bayesLearn/target/repo/scala-library-2.10.4.jar
7fd620099000-7fd620b93000 rw-p 00000000 00:00 0 
7fd620b93000-7fd620d53000 r--s 039fb000 08:07 1580222                    /usr/lib/jvm/java-7-oracle/jre/lib/rt.jar
7fd620d53000-7fd62127d000 rw-p 00000000 00:00 0 
7fd62127d000-7fd62127e000 ---p 00000000 00:00 0 
7fd62127e000-7fd62137e000 rw-p 00000000 00:00 0                          [stack:6082]
7fd62137e000-7fd62137f000 ---p 00000000 00:00 0 
7fd62137f000-7fd62147f000 rw-p 00000000 00:00 0                          [stack:6081]
7fd62147f000-7fd621480000 ---p 00000000 00:00 0 
7fd621480000-7fd621580000 rw-p 00000000 00:00 0                          [stack:6080]
7fd621580000-7fd621581000 ---p 00000000 00:00 0 
7fd621581000-7fd6216a0000 rw-p 00000000 00:00 0                          [stack:6079]
7fd6216a0000-7fd6216aa000 rw-p 00000000 00:00 0 
7fd6216aa000-7fd6216eb000 rw-p 00000000 00:00 0 
7fd6216eb000-7fd62193f000 rw-p 00000000 00:00 0 
7fd62193f000-7fd62195e000 rw-p 00000000 00:00 0 
7fd62195e000-7fd621968000 rw-p 00000000 00:00 0 
7fd621968000-7fd6219a9000 rw-p 00000000 00:00 0 
7fd6219a9000-7fd621bfc000 rw-p 00000000 00:00 0 
7fd621bfc000-7fd621d46000 rw-p 00000000 00:00 0 
7fd621d46000-7fd621d47000 rw-p 00000000 00:00 0 
7fd621d47000-7fd621d48000 rw-p 00000000 00:00 0 
7fd621d48000-7fd621d5f000 r-xp 00000000 08:07 1580189                    /usr/lib/jvm/java-7-oracle/jre/lib/amd64/libzip.so
7fd621d5f000-7fd621f5f000 ---p 00017000 08:07 1580189                    /usr/lib/jvm/java-7-oracle/jre/lib/amd64/libzip.so
7fd621f5f000-7fd621f60000 rw-p 00017000 08:07 1580189                    /usr/lib/jvm/java-7-oracle/jre/lib/amd64/libzip.so
7fd621f60000-7fd621f6b000 r-xp 00000000 08:09 527600                     /lib/x86_64-linux-gnu/libnss_files-2.19.so
7fd621f6b000-7fd62216a000 ---p 0000b000 08:09 527600                     /lib/x86_64-linux-gnu/libnss_files-2.19.so
7fd62216a000-7fd62216b000 r--p 0000a000 08:09 527600                     /lib/x86_64-linux-gnu/libnss_files-2.19.so
7fd62216b000-7fd62216c000 rw-p 0000b000 08:09 527600                     /lib/x86_64-linux-gnu/libnss_files-2.19.so
7fd62216c000-7fd622177000 r-xp 00000000 08:09 527621                     /lib/x86_64-linux-gnu/libnss_nis-2.19.so
7fd622177000-7fd622376000 ---p 0000b000 08:09 527621                     /lib/x86_64-linux-gnu/libnss_nis-2.19.so
7fd622376000-7fd622377000 r--p 0000a000 08:09 527621                     /lib/x86_64-linux-gnu/libnss_nis-2.19.so
7fd622377000-7fd622378000 rw-p 0000b000 08:09 527621                     /lib/x86_64-linux-gnu/libnss_nis-2.19.so
7fd622378000-7fd62238f000 r-xp 00000000 08:09 527609                     /lib/x86_64-linux-gnu/libnsl-2.19.so
7fd62238f000-7fd62258e000 ---p 00017000 08:09 527609                     /lib/x86_64-linux-gnu/libnsl-2.19.so
7fd62258e000-7fd62258f000 r--p 00016000 08:09 527609                     /lib/x86_64-linux-gnu/libnsl-2.19.so
7fd62258f000-7fd622590000 rw-p 00017000 08:09 527609                     /lib/x86_64-linux-gnu/libnsl-2.19.so
7fd622590000-7fd622592000 rw-p 00000000 00:00 0 
7fd622592000-7fd62259b000 r-xp 00000000 08:09 527608                     /lib/x86_64-linux-gnu/libnss_compat-2.19.so
7fd62259b000-7fd62279a000 ---p 00009000 08:09 527608                     /lib/x86_64-linux-gnu/libnss_compat-2.19.so
7fd62279a000-7fd62279b000 r--p 00008000 08:09 527608                     /lib/x86_64-linux-gnu/libnss_compat-2.19.so
7fd62279b000-7fd62279c000 rw-p 00009000 08:09 527608                     /lib/x86_64-linux-gnu/libnss_compat-2.19.so
7fd62279c000-7fd6227c5000 r-xp 00000000 08:07 1580166                    /usr/lib/jvm/java-7-oracle/jre/lib/amd64/libjava.so
7fd6227c5000-7fd6229c5000 ---p 00029000 08:07 1580166                    /usr/lib/jvm/java-7-oracle/jre/lib/amd64/libjava.so
7fd6229c5000-7fd6229c7000 rw-p 00029000 08:07 1580166                    /usr/lib/jvm/java-7-oracle/jre/lib/amd64/libjava.so
7fd6229c7000-7fd6229d4000 r-xp 00000000 08:07 1580199                    /usr/lib/jvm/java-7-oracle/jre/lib/amd64/libverify.so
7fd6229d4000-7fd622bd3000 ---p 0000d000 08:07 1580199                    /usr/lib/jvm/java-7-oracle/jre/lib/amd64/libverify.so
7fd622bd3000-7fd622bd5000 rw-p 0000c000 08:07 1580199                    /usr/lib/jvm/java-7-oracle/jre/lib/amd64/libverify.so
7fd622bd5000-7fd622bdc000 r-xp 00000000 08:09 527618                     /lib/x86_64-linux-gnu/librt-2.19.so
7fd622bdc000-7fd622ddb000 ---p 00007000 08:09 527618                     /lib/x86_64-linux-gnu/librt-2.19.so
7fd622ddb000-7fd622ddc000 r--p 00006000 08:09 527618                     /lib/x86_64-linux-gnu/librt-2.19.so
7fd622ddc000-7fd622ddd000 rw-p 00007000 08:09 527618                     /lib/x86_64-linux-gnu/librt-2.19.so
7fd622ddd000-7fd622ee2000 r-xp 00000000 08:09 527599                     /lib/x86_64-linux-gnu/libm-2.19.so
7fd622ee2000-7fd6230e1000 ---p 00105000 08:09 527599                     /lib/x86_64-linux-gnu/libm-2.19.so
7fd6230e1000-7fd6230e2000 r--p 00104000 08:09 527599                     /lib/x86_64-linux-gnu/libm-2.19.so
7fd6230e2000-7fd6230e3000 rw-p 00105000 08:09 527599                     /lib/x86_64-linux-gnu/libm-2.19.so
7fd6230e3000-7fd623c59000 r-xp 00000000 08:07 1580159                    /usr/lib/jvm/java-7-oracle/jre/lib/amd64/server/libjvm.so
7fd623c59000-7fd623e58000 ---p 00b76000 08:07 1580159                    /usr/lib/jvm/java-7-oracle/jre/lib/amd64/server/libjvm.so
7fd623e58000-7fd623f1c000 rw-p 00b75000 08:07 1580159                    /usr/lib/jvm/java-7-oracle/jre/lib/amd64/server/libjvm.so
7fd623f1c000-7fd623f5d000 rw-p 00000000 00:00 0 
7fd623f5d000-7fd624118000 r-xp 00000000 08:09 527614                     /lib/x86_64-linux-gnu/libc-2.19.so
7fd624118000-7fd624317000 ---p 001bb000 08:09 527614                     /lib/x86_64-linux-gnu/libc-2.19.so
7fd624317000-7fd62431b000 r--p 001ba000 08:09 527614                     /lib/x86_64-linux-gnu/libc-2.19.so
7fd62431b000-7fd62431d000 rw-p 001be000 08:09 527614                     /lib/x86_64-linux-gnu/libc-2.19.so
7fd62431d000-7fd624322000 rw-p 00000000 00:00 0 
7fd624322000-7fd624325000 r-xp 00000000 08:09 527603                     /lib/x86_64-linux-gnu/libdl-2.19.so
7fd624325000-7fd624524000 ---p 00003000 08:09 527603                     /lib/x86_64-linux-gnu/libdl-2.19.so
7fd624524000-7fd624525000 r--p 00002000 08:09 527603                     /lib/x86_64-linux-gnu/libdl-2.19.so
7fd624525000-7fd624526000 rw-p 00003000 08:09 527603                     /lib/x86_64-linux-gnu/libdl-2.19.so
7fd624526000-7fd62453b000 r-xp 00000000 08:07 5507751                    /usr/lib/jvm/java-7-oracle/lib/amd64/jli/libjli.so
7fd62453b000-7fd62473a000 ---p 00015000 08:07 5507751                    /usr/lib/jvm/java-7-oracle/lib/amd64/jli/libjli.so
7fd62473a000-7fd62473b000 rw-p 00014000 08:07 5507751                    /usr/lib/jvm/java-7-oracle/lib/amd64/jli/libjli.so
7fd62473b000-7fd624754000 r-xp 00000000 08:09 527615                     /lib/x86_64-linux-gnu/libpthread-2.19.so
7fd624754000-7fd624953000 ---p 00019000 08:09 527615                     /lib/x86_64-linux-gnu/libpthread-2.19.so
7fd624953000-7fd624954000 r--p 00018000 08:09 527615                     /lib/x86_64-linux-gnu/libpthread-2.19.so
7fd624954000-7fd624955000 rw-p 00019000 08:09 527615                     /lib/x86_64-linux-gnu/libpthread-2.19.so
7fd624955000-7fd624959000 rw-p 00000000 00:00 0 
7fd624959000-7fd62497c000 r-xp 00000000 08:09 527611                     /lib/x86_64-linux-gnu/ld-2.19.so
7fd62497c000-7fd62497d000 r--s 00008000 08:05 5249439                    /home/mandar/Development/bayesLearn/target/repo/asm-util-3.2.jar
7fd62497d000-7fd624981000 r--s 00020000 08:05 5249427                    /home/mandar/Development/bayesLearn/target/repo/commons-digester-1.8.jar
7fd624981000-7fd62498f000 r--s 0007f000 08:05 5249425                    /home/mandar/Development/bayesLearn/target/repo/commons-collections-3.2.1.jar
7fd62498f000-7fd6249a9000 rw-p 00000000 00:00 0 
7fd6249a9000-7fd624a4f000 rw-p 00000000 00:00 0 
7fd624a4f000-7fd624a52000 ---p 00000000 00:00 0 
7fd624a52000-7fd624b54000 rw-p 00000000 00:00 0                          [stack:6078]
7fd624b54000-7fd624b55000 r--s 0000a000 08:05 5249437                    /home/mandar/Development/bayesLearn/target/repo/asm-3.2.jar
7fd624b55000-7fd624b59000 r--s 0003c000 08:05 5249426                    /home/mandar/Development/bayesLearn/target/repo/commons-lang-2.4.jar
7fd624b59000-7fd624b5f000 r--s 00043000 08:05 5249424                    /home/mandar/Development/bayesLearn/target/repo/commons-configuration-1.6.jar
7fd624b5f000-7fd624b61000 r--s 00005000 08:05 5249422                    /home/mandar/Development/bayesLearn/target/repo/stax-api-1.0.1.jar
7fd624b61000-7fd624b63000 r--s 00012000 08:05 5249421                    /home/mandar/Development/bayesLearn/target/repo/jettison-1.3.3.jar
7fd624b63000-7fd624b6a000 r--s 0003c000 08:05 5249420                    /home/mandar/Development/bayesLearn/target/repo/blueprints-core-2.6.0.jar
7fd624b6a000-7fd624b6b000 r--s 00005000 08:05 5249419                    /home/mandar/Development/bayesLearn/target/repo/gremlin-java-2.6.0.jar
7fd624b6b000-7fd624b6f000 r--s 00032000 08:05 5249418                    /home/mandar/Development/bayesLearn/target/repo/config-1.2.1.jar
7fd624b6f000-7fd624b77000 rw-s 00000000 08:09 917525                     /tmp/hsperfdata_mandar/6074
7fd624b77000-7fd624b78000 rw-p 00000000 00:00 0 
7fd624b78000-7fd624b79000 r--p 00000000 00:00 0 
7fd624b79000-7fd624b7b000 rw-p 00000000 00:00 0 
7fd624b7b000-7fd624b7c000 r--p 00022000 08:09 527611                     /lib/x86_64-linux-gnu/ld-2.19.so
7fd624b7c000-7fd624b7d000 rw-p 00023000 08:09 527611                     /lib/x86_64-linux-gnu/ld-2.19.so
7fd624b7d000-7fd624b7e000 rw-p 00000000 00:00 0 
7ffd0f976000-7ffd0f99b000 rw-p 00000000 00:00 0                          [stack]
7ffd0f9ed000-7ffd0f9ef000 r-xp 00000000 00:00 0                          [vdso]
ffffffffff600000-ffffffffff601000 r-xp 00000000 00:00 0                  [vsyscall]

VM Arguments:
jvm_args: -Dlog4j.configuration=file:///home/mandar/Development/bayesLearn/conf/log4j.properties -Dapp.name=bayesLearn-repl -Dapp.pid=6074 -Dapp.repo=/home/mandar/Development/bayesLearn/target/repo -Dbasedir=/home/mandar/Development/bayesLearn/target 
java_command: org.kuleuven.esat.bayesLearn
Launcher Type: SUN_STANDARD

Environment Variables:
JAVA_HOME=/usr/lib/jvm/java-7-oracle
PATH=/usr/local/share/jruby-1.7.13/bin:/usr/local/cuda-6.0/bin:/usr/local/scala/bin:/usr/local/intellij-idea-13/bin:/usr/local/hadoop/bin:/usr/local/spark/bin:/usr/local/sage:/usr/local/Eclipse/bin/x86_64_linux:/usr/local/neo4j/bin:/usr/local/gremlin-groovy-2.6.0/bin:/usr/local/zinc/bin:/home/mandar/.gvm/vertx/current/bin:/home/mandar/.gvm/springboot/current/bin:/home/mandar/.gvm/lazybones/current/bin:/home/mandar/.gvm/jbake/current/bin:/home/mandar/.gvm/groovyserv/current/bin:/home/mandar/.gvm/groovy/current/bin:/home/mandar/.gvm/griffon/current/bin:/home/mandar/.gvm/grails/current/bin:/home/mandar/.gvm/gradle/current/bin:/home/mandar/.gvm/glide/current/bin:/home/mandar/.gvm/gaiden/current/bin:/home/mandar/.gvm/crash/current/bin:/usr/local/sbin:/usr/local/bin:/usr/sbin:/usr/bin:/sbin:/bin:/usr/games:/usr/local/games:/usr/local/hadoop/bin:/usr/local/hadoop/sbin
LD_LIBRARY_PATH=/usr/local/cuda-6.0/lib64:
SHELL=/bin/bash
DISPLAY=:0

Signal Handlers:
SIGSEGV: [libjvm.so+0x9a3b20], sa_mask[0]=0x7ffbfeff, sa_flags=0x10000004
SIGBUS: [libjvm.so+0x9a3b20], sa_mask[0]=0x7ffbfeff, sa_flags=0x10000004
SIGFPE: [libjvm.so+0x81e740], sa_mask[0]=0x7ffbfeff, sa_flags=0x10000004
SIGPIPE: [libjvm.so+0x81e740], sa_mask[0]=0x7ffbfeff, sa_flags=0x10000004
SIGXFSZ: [libjvm.so+0x81e740], sa_mask[0]=0x7ffbfeff, sa_flags=0x10000004
SIGILL: [libjvm.so+0x81e740], sa_mask[0]=0x7ffbfeff, sa_flags=0x10000004
SIGUSR1: SIG_DFL, sa_mask[0]=0x00000000, sa_flags=0x00000000
SIGUSR2: [libjvm.so+0x81ffb0], sa_mask[0]=0x00000000, sa_flags=0x10000004
SIGHUP: [libjvm.so+0x8210d0], sa_mask[0]=0x7ffbfeff, sa_flags=0x10000004
SIGINT: [libjvm.so+0x8210d0], sa_mask[0]=0x7ffbfeff, sa_flags=0x10000004
SIGTERM: [libjvm.so+0x8210d0], sa_mask[0]=0x7ffbfeff, sa_flags=0x10000004
SIGQUIT: [libjvm.so+0x8210d0], sa_mask[0]=0x7ffbfeff, sa_flags=0x10000004


---------------  S Y S T E M  ---------------

OS:jessie/sid

uname:Linux 3.13.0-55-generic #94-Ubuntu SMP Thu Jun 18 00:27:10 UTC 2015 x86_64
libc:glibc 2.19 NPTL 2.19 
rlimit: STACK 8192k, CORE 0k, NPROC 63202, NOFILE 4096, AS infinity
load average:0.06 0.13 0.12

/proc/meminfo:
MemTotal:        8111576 kB
MemFree:         4243904 kB
Buffers:          559656 kB
Cached:          1488788 kB
SwapCached:            0 kB
Active:          2250596 kB
Inactive:        1271360 kB
Active(anon):    1490788 kB
Inactive(anon):   214516 kB
Active(file):     759808 kB
Inactive(file):  1056844 kB
Unevictable:         328 kB
Mlocked:             328 kB
SwapTotal:       7811068 kB
SwapFree:        7811068 kB
Dirty:               104 kB
Writeback:             0 kB
AnonPages:       1471800 kB
Mapped:           152488 kB
Shmem:            232492 kB
Slab:             248688 kB
SReclaimable:     215880 kB
SUnreclaim:        32808 kB
KernelStack:        4448 kB
PageTables:        15052 kB
NFS_Unstable:          0 kB
Bounce:                0 kB
WritebackTmp:          0 kB
CommitLimit:    11866856 kB
Committed_AS:    3435084 kB
VmallocTotal:   34359738367 kB
VmallocUsed:      553244 kB
VmallocChunk:   34359173052 kB
HardwareCorrupted:     0 kB
AnonHugePages:   1398784 kB
HugePages_Total:       0
HugePages_Free:        0
HugePages_Rsvd:        0
HugePages_Surp:        0
Hugepagesize:       2048 kB
DirectMap4k:       64192 kB
DirectMap2M:     3016704 kB
DirectMap1G:     5242880 kB


CPU:total 4 (2 cores per cpu, 2 threads per core) family 6 model 69 stepping 1, cmov, cx8, fxsr, mmx, sse, sse2, sse3, ssse3, sse4.1, sse4.2, popcnt, avx, avx2, aes, erms, ht, tsc, tscinvbit

/proc/cpuinfo:
processor	: 0
vendor_id	: GenuineIntel
cpu family	: 6
model		: 69
model name	: Intel(R) Core(TM) i5-4210U CPU @ 1.70GHz
stepping	: 1
microcode	: 0x17
cpu MHz		: 2401.000
cache size	: 3072 KB
physical id	: 0
siblings	: 4
core id		: 0
cpu cores	: 2
apicid		: 0
initial apicid	: 0
fpu		: yes
fpu_exception	: yes
cpuid level	: 13
wp		: yes
flags		: fpu vme de pse tsc msr pae mce cx8 apic sep mtrr pge mca cmov pat pse36 clflush dts acpi mmx fxsr sse sse2 ss ht tm pbe syscall nx pdpe1gb rdtscp lm constant_tsc arch_perfmon pebs bts rep_good nopl xtopology nonstop_tsc aperfmperf eagerfpu pni pclmulqdq dtes64 monitor ds_cpl vmx est tm2 ssse3 fma cx16 xtpr pdcm pcid sse4_1 sse4_2 movbe popcnt tsc_deadline_timer aes xsave avx f16c rdrand lahf_lm abm ida arat epb xsaveopt pln pts dtherm tpr_shadow vnmi flexpriority ept vpid fsgsbase tsc_adjust bmi1 avx2 smep bmi2 erms invpcid
bogomips	: 4789.07
clflush size	: 64
cache_alignment	: 64
address sizes	: 39 bits physical, 48 bits virtual
power management:

processor	: 1
vendor_id	: GenuineIntel
cpu family	: 6
model		: 69
model name	: Intel(R) Core(TM) i5-4210U CPU @ 1.70GHz
stepping	: 1
microcode	: 0x17
cpu MHz		: 2401.000
cache size	: 3072 KB
physical id	: 0
siblings	: 4
core id		: 0
cpu cores	: 2
apicid		: 1
initial apicid	: 1
fpu		: yes
fpu_exception	: yes
cpuid level	: 13
wp		: yes
flags		: fpu vme de pse tsc msr pae mce cx8 apic sep mtrr pge mca cmov pat pse36 clflush dts acpi mmx fxsr sse sse2 ss ht tm pbe syscall nx pdpe1gb rdtscp lm constant_tsc arch_perfmon pebs bts rep_good nopl xtopology nonstop_tsc aperfmperf eagerfpu pni pclmulqdq dtes64 monitor ds_cpl vmx est tm2 ssse3 fma cx16 xtpr pdcm pcid sse4_1 sse4_2 movbe popcnt tsc_deadline_timer aes xsave avx f16c rdrand lahf_lm abm ida arat epb xsaveopt pln pts dtherm tpr_shadow vnmi flexpriority ept vpid fsgsbase tsc_adjust bmi1 avx2 smep bmi2 erms invpcid
bogomips	: 4789.07
clflush size	: 64
cache_alignment	: 64
address sizes	: 39 bits physical, 48 bits virtual
power management:

processor	: 2
vendor_id	: GenuineIntel
cpu family	: 6
model		: 69
model name	: Intel(R) Core(TM) i5-4210U CPU @ 1.70GHz
stepping	: 1
microcode	: 0x17
cpu MHz		: 2401.000
cache size	: 3072 KB
physical id	: 0
siblings	: 4
core id		: 1
cpu cores	: 2
apicid		: 2
initial apicid	: 2
fpu		: yes
fpu_exception	: yes
cpuid level	: 13
wp		: yes
flags		: fpu vme de pse tsc msr pae mce cx8 apic sep mtrr pge mca cmov pat pse36 clflush dts acpi mmx fxsr sse sse2 ss ht tm pbe syscall nx pdpe1gb rdtscp lm constant_tsc arch_perfmon pebs bts rep_good nopl xtopology nonstop_tsc aperfmperf eagerfpu pni pclmulqdq dtes64 monitor ds_cpl vmx est tm2 ssse3 fma cx16 xtpr pdcm pcid sse4_1 sse4_2 movbe popcnt tsc_deadline_timer aes xsave avx f16c rdrand lahf_lm abm ida arat epb xsaveopt pln pts dtherm tpr_shadow vnmi flexpriority ept vpid fsgsbase tsc_adjust bmi1 avx2 smep bmi2 erms invpcid
bogomips	: 4789.07
clflush size	: 64
cache_alignment	: 64
address sizes	: 39 bits physical, 48 bits virtual
power management:

processor	: 3
vendor_id	: GenuineIntel
cpu family	: 6
model		: 69
model name	: Intel(R) Core(TM) i5-4210U CPU @ 1.70GHz
stepping	: 1
microcode	: 0x17
cpu MHz		: 2401.000
cache size	: 3072 KB
physical id	: 0
siblings	: 4
core id		: 1
cpu cores	: 2
apicid		: 3
initial apicid	: 3
fpu		: yes
fpu_exception	: yes
cpuid level	: 13
wp		: yes
flags		: fpu vme de pse tsc msr pae mce cx8 apic sep mtrr pge mca cmov pat pse36 clflush dts acpi mmx fxsr sse sse2 ss ht tm pbe syscall nx pdpe1gb rdtscp lm constant_tsc arch_perfmon pebs bts rep_good nopl xtopology nonstop_tsc aperfmperf eagerfpu pni pclmulqdq dtes64 monitor ds_cpl vmx est tm2 ssse3 fma cx16 xtpr pdcm pcid sse4_1 sse4_2 movbe popcnt tsc_deadline_timer aes xsave avx f16c rdrand lahf_lm abm ida arat epb xsaveopt pln pts dtherm tpr_shadow vnmi flexpriority ept vpid fsgsbase tsc_adjust bmi1 avx2 smep bmi2 erms invpcid
bogomips	: 4789.07
clflush size	: 64
cache_alignment	: 64
address sizes	: 39 bits physical, 48 bits virtual
power management:



Memory: 4k page, physical 8111576k(4248064k free), swap 7811068k(7811068k free)

vm_info: Java HotSpot(TM) 64-Bit Server VM (24.80-b11) for linux-amd64 JRE (1.7.0_80-b15), built on Apr 10 2015 19:53:14 by "java_re" with gcc 4.3.0 20080428 (Red Hat 4.3.0-8)

time: Mon Jun 29 18:22:45 2015
elapsed time: 10792 seconds

