[INFO] Error stacktraces are turned on.
[INFO] Scanning for projects...
[WARNING] 
[WARNING] Some problems were encountered while building the effective model for org.kuleuven.esat:bayesLearn:jar:1.0
[WARNING] 'reporting.plugins.plugin.version' for org.scala-tools:maven-scala-plugin is missing. @ line 266, column 21
[WARNING] 
[WARNING] It is highly recommended to fix these problems because they threaten the stability of your build.
[WARNING] 
[WARNING] For this reason, future Maven versions might no longer support building such malformed projects.
[WARNING] 
[INFO]                                                                         
[INFO] ------------------------------------------------------------------------
[INFO] Building Bayes Learn 1.0
[INFO] ------------------------------------------------------------------------
[INFO] 
[INFO] --- maven-release-plugin:2.4.2:clean (default-cli) @ bayesLearn ---
[INFO] Cleaning up after release...
[INFO] 
[INFO] --- maven-release-plugin:2.4.2:prepare (default-cli) @ bayesLearn ---
[INFO] ------------------------------------------------------------------------
[INFO] BUILD FAILURE
[INFO] ------------------------------------------------------------------------
[INFO] Total time: 2.194s
[INFO] Finished at: Tue Mar 31 19:18:52 CEST 2015
[INFO] Final Memory: 10M/150M
[INFO] ------------------------------------------------------------------------
[ERROR] Failed to execute goal org.apache.maven.plugins:maven-release-plugin:2.4.2:prepare (default-cli) on project bayesLearn: You don't have a SNAPSHOT project in the reactor projects list. -> [Help 1]
org.apache.maven.lifecycle.LifecycleExecutionException: Failed to execute goal org.apache.maven.plugins:maven-release-plugin:2.4.2:prepare (default-cli) on project bayesLearn: You don't have a SNAPSHOT project in the reactor projects list.
	at org.apache.maven.lifecycle.internal.MojoExecutor.execute(MojoExecutor.java:213)
	at org.apache.maven.lifecycle.internal.MojoExecutor.execute(MojoExecutor.java:153)
	at org.apache.maven.lifecycle.internal.MojoExecutor.execute(MojoExecutor.java:145)
	at org.apache.maven.lifecycle.internal.LifecycleModuleBuilder.buildProject(LifecycleModuleBuilder.java:84)
	at org.apache.maven.lifecycle.internal.LifecycleModuleBuilder.buildProject(LifecycleModuleBuilder.java:59)
	at org.apache.maven.lifecycle.internal.LifecycleStarter.singleThreadedBuild(LifecycleStarter.java:183)
	at org.apache.maven.lifecycle.internal.LifecycleStarter.execute(LifecycleStarter.java:161)
	at org.apache.maven.DefaultMaven.doExecute(DefaultMaven.java:320)
	at org.apache.maven.DefaultMaven.execute(DefaultMaven.java:156)
	at org.apache.maven.cli.MavenCli.execute(MavenCli.java:537)
	at org.apache.maven.cli.MavenCli.doMain(MavenCli.java:196)
	at org.apache.maven.cli.MavenCli.main(MavenCli.java:141)
	at sun.reflect.NativeMethodAccessorImpl.invoke0(Native Method)
	at sun.reflect.NativeMethodAccessorImpl.invoke(NativeMethodAccessorImpl.java:57)
	at sun.reflect.DelegatingMethodAccessorImpl.invoke(DelegatingMethodAccessorImpl.java:43)
	at java.lang.reflect.Method.invoke(Method.java:606)
	at org.codehaus.plexus.classworlds.launcher.Launcher.launchEnhanced(Launcher.java:289)
	at org.codehaus.plexus.classworlds.launcher.Launcher.launch(Launcher.java:229)
	at org.codehaus.plexus.classworlds.launcher.Launcher.mainWithExitCode(Launcher.java:415)
	at org.codehaus.plexus.classworlds.launcher.Launcher.main(Launcher.java:356)
Caused by: org.apache.maven.plugin.MojoFailureException: You don't have a SNAPSHOT project in the reactor projects list.
	at org.apache.maven.plugins.release.PrepareReleaseMojo.prepareRelease(PrepareReleaseMojo.java:285)
	at org.apache.maven.plugins.release.PrepareReleaseMojo.execute(PrepareReleaseMojo.java:232)
	at org.apache.maven.plugin.DefaultBuildPluginManager.executeMojo(DefaultBuildPluginManager.java:101)
	at org.apache.maven.lifecycle.internal.MojoExecutor.execute(MojoExecutor.java:209)
	... 19 more
Caused by: org.apache.maven.shared.release.ReleaseFailureException: You don't have a SNAPSHOT project in the reactor projects list.
	at org.apache.maven.shared.release.phase.CheckPomPhase.execute(CheckPomPhase.java:111)
	at org.apache.maven.shared.release.DefaultReleaseManager.prepare(DefaultReleaseManager.java:234)
	at org.apache.maven.shared.release.DefaultReleaseManager.prepare(DefaultReleaseManager.java:169)
	at org.apache.maven.shared.release.DefaultReleaseManager.prepare(DefaultReleaseManager.java:146)
	at org.apache.maven.shared.release.DefaultReleaseManager.prepare(DefaultReleaseManager.java:107)
	at org.apache.maven.plugins.release.PrepareReleaseMojo.prepareRelease(PrepareReleaseMojo.java:277)
	... 22 more
[ERROR] 
[ERROR] Re-run Maven using the -X switch to enable full debug logging.
[ERROR] 
[ERROR] For more information about the errors and possible solutions, please read the following articles:
[ERROR] [Help 1] http://cwiki.apache.org/confluence/display/MAVEN/MojoFailureException
